IQ-TREE multicore version 1.6.10 for Mac OS X 64-bit built Feb 19 2019
Developed by Bui Quang Minh, Nguyen Lam Tung, Olga Chernomor,
Heiko Schmidt, Dominik Schrempf, Michael Woodhams.

Host:    MacBook-Air-de-Giulia.local (AVX2, FMA3, 4 GB RAM)
Command: /Users/giulia/iqtree-1.6.10-MacOSX/bin/iqtree -s ArsM_G2_MAFFT_80trim_v2.fasta -m TEST -bb 1000 -minsup 0.5
Seed:    546804 (Using SPRNG - Scalable Parallel Random Number Generator)
Time:    Mon May 24 13:39:48 2021
Kernel:  AVX+FMA - 1 threads (4 CPU cores detected)

HINT: Use -nt option to specify number of threads because your CPU has 4 cores!
HINT: -nt AUTO will automatically determine the best number of threads to use.

Reading alignment file ArsM_G2_MAFFT_80trim_v2.fasta ... Fasta format detected
Alignment most likely contains protein sequences
Alignment has 234 sequences with 243 columns, 242 distinct patterns
228 parsimony-informative, 7 singleton sites, 8 constant sites
                Gap/Ambiguity  Composition  p-value
   1  XP_002165192.1    0.00%    passed     65.51%
   2  XP_012554525.1    0.00%    passed     75.16%
   3  WP_168464815.1    0.00%    passed     97.47%
   4  WP_012158952.1    0.41%    passed     59.95%
   5  KO53618.1         0.00%    passed     50.93%
   6  NLD49068.1        0.00%    passed     98.67%
   7  WP_014903130.1    0.41%    passed     99.89%
   8  WP_092335232.1    0.41%    passed     99.99%
   9  WP_082204391.1    0.00%    passed     82.59%
  10  WP_015593572.1    0.00%    passed     66.93%
  11  WP_006521559.1    0.00%    passed     96.35%
  12  WP_147534323.1    0.00%    passed     86.79%
  13  WP_161821771.1    0.41%    passed     97.90%
  14  NIP25504.1        0.00%    passed     83.28%
  15  KPK71244.1        0.00%    passed     66.12%
  16  PCJ89242.1        0.00%    passed     92.06%
  17  MBL1276838.1      0.00%    passed     97.63%
  18  WP_176957708.1    0.00%    passed     41.16%
  19  WP_009850992.1    0.00%    passed     89.40%
  20  WP_051938203.1    0.00%    passed     99.97%
  21  PCI00270.1        0.82%    passed     99.54%
  22  WP_018954761.1    0.00%    passed     89.88%
  23  WP_077279593.1    0.00%    passed     90.37%
  24  WP_132972141.1    0.00%    passed     22.12%
  25  WP_082674128.1    0.00%    passed      7.02%
  26  WP_052132093.1    0.00%    passed     99.15%
  27  WP_078455143.1    0.00%    passed     99.15%
  28  KHF26218.1        0.00%    passed     99.15%
  29  WP_114279466.1    0.00%    passed     99.16%
  30  NNG14638.1        0.00%    passed     86.63%
  31  WP_126452980.1    0.00%    passed     97.32%
  32  MBL1261593.1      0.00%    passed     99.75%
  33  PCI15176.1        0.41%    passed     99.78%
  34  WP_078487248.1    0.00%    passed    100.00%
  35  HHM05891.1        0.00%    passed     95.98%
  36  WP_131904463.1    0.00%    passed     96.33%
  37  NLX97160.1        0.41%    passed     75.31%
  38  WP_092999095.1    0.00%    passed     68.13%
  39  MBD3620192.1      0.00%    passed     87.27%
  40  WP_018078770.1    0.00%    passed      9.69%
  41  KYF56957.1        1.23%    passed      8.71%
  42  WP_020732918.1    1.23%    passed     24.45%
  43  KYF63238.1        1.23%    passed     23.77%
  44  MBI5496139.1      0.00%    passed     10.10%
  45  MBK9266755.1      0.00%    passed     81.36%
  46  WP_205633698.1    1.23%    passed     55.57%
  47  MBE9528060.1      0.00%    passed     92.83%
  48  HGS25755.1        0.00%    passed     18.52%
  49  WP_087441483.1    0.00%    failed      0.15%
  50  WP_059042789.1    1.23%    passed     89.56%
  51  WP_083040617.1    1.23%    passed     78.91%
  52  WP_139693294.1    0.00%    passed     52.90%
  53  WP_129930282.1    0.00%    passed     67.28%
  54  WP_158329259.1    1.23%    passed     12.57%
  55  WP_113758354.1    1.23%    passed     10.73%
  56  MBA3017927.1      0.41%    passed     78.21%
  57  WP_173978950.1    0.00%    passed     78.68%
  58  OGC75891.1        0.00%    passed     79.70%
  59  EQB64191.1        0.00%    passed     92.64%
  60  MBI4082654.1      0.82%    failed      2.60%
  61  NWG14028.1        0.00%    passed     87.36%
  62  WP_012289730.1    0.00%    passed     54.05%
  63  WP_152944034.1    0.00%    passed      5.20%
  64  WP_121921044.1    0.00%    passed     20.09%
  65  WP_049972859.1    0.00%    passed     53.36%
  66  WP_058828740.1    0.00%    passed     65.80%
  67  WP_138655655.1    0.00%    passed     37.55%
  68  WP_011986176.1    0.82%    failed      2.48%
  69  WP_155119582.1    0.82%    failed      2.10%
  70  WP_165776170.1    0.82%    failed      0.90%
  71  WP_170063720.1    0.41%    failed      1.92%
  72  WP_154674956.1    0.41%    passed     10.12%
  73  WP_012064370.1    0.41%    passed     12.22%
  74  WP_048092425.1    0.41%    passed     62.77%
  75  MBI5043374.1     13.58%    passed     89.27%
  76  TET73805.1        0.00%    passed     96.05%
  77  TES82780.1        0.00%    passed     93.61%
  78  TET16867.1        0.00%    passed     79.12%
  79  MBI5188886.1      0.00%    passed     37.67%
  80  NYT00593.1        0.00%    passed     42.24%
  81  ODS35089.1        0.41%    passed     32.63%
  82  MBI5115972.1      0.00%    passed     83.87%
  83  NWG02654.1        0.00%    passed     86.19%
  84  MBI1992912.1      0.00%    passed     85.69%
  85  NVM36150.1        0.00%    passed     83.98%
  86  TKJ23043.1        0.00%    passed     73.22%
  87  TFH51510.1        0.00%    passed     44.06%
  88  WP_013720435.1    0.00%    passed     94.65%
  89  NPV61036.1        0.00%    passed     91.30%
  90  WP_048183374.1    0.82%    passed     17.87%
  91  WP_128693141.1    0.00%    passed     15.52%
  92  TKJ23044.1ars     0.41%    passed      8.61%
  93  HGE40261.1        4.12%    passed     19.57%
  94  NWF86504.1        3.29%    failed      0.27%
  95  QLJ52795.1        2.47%    failed      3.08%
  96  NYZ76305.1        2.88%    failed      1.45%
  97  KPL19268.1        2.47%    passed     45.46%
  98  TET78529.1        2.88%    passed     31.37%
  99  MBC8521420.1      9.47%    passed     60.45%
 100  PKL73567.1        2.88%    passed     12.84%
 101  WP_100909589.1    2.88%    passed     12.16%
 102  deth_1141006_Y    2.88%    passed     91.10%
 103  tpse_3964209_t   13.17%    passed     99.89%
 104  NHI91962.1        1.23%    failed      2.10%
 105  XP_003064178.1    1.23%    failed      0.80%
 106  micr_1472941_A   12.35%    passed     21.49%
 107  XP_001421846.1   23.46%    failed      0.01%
 108  HHT44541.1       22.63%    passed     94.07%
 109  WP_014406891.1    1.23%    passed     31.18%
 110  WP_012899441.1    0.82%    passed     79.20%
 111  GAD92999.1        0.00%    passed     92.99%
 112  afm_23851_Af     11.52%    passed     93.75%
 113  afm_29546_Af      0.41%    passed     96.10%
 114  afm_26826_Af      0.41%    passed     92.27%
 115  anid_3504083_A    0.41%    passed     74.50%
 116  XP_007826674.1    0.00%    passed     94.13%
 117  QLI70920.1        0.00%    passed     97.22%
 118  KAF5127095.1      1.65%    passed     93.14%
 119  OBS20292.1        0.00%    passed     79.66%
 120  RYO97316.1        0.00%    passed     75.15%
 121  EWZ28515.1        6.58%    passed     72.00%
 122  TDZ53839.1        0.00%    passed     92.29%
 123  gzea_3306747_F    0.00%    passed     82.10%
 124  cimm_746984_CI    0.41%    passed     81.23%
 125  afm_32651_Af      0.00%    passed     95.77%
 126  dhan_3082808_X    0.00%    passed     14.81%
 127  zcci_2544296_C    0.41%    passed     99.92%
 128  KAG2019895.1      0.41%    passed     99.92%
 129  TEB25967.1        0.41%    passed     92.81%
 130  RXW20523.1        0.41%    passed     83.34%
 131  KAF6763818.1      4.94%    passed     78.70%
 132  lbic_2130143_g   11.52%    passed     87.35%
 133  KIJ91556.1        0.82%    passed     85.94%
 134  KAF8157807.1      0.00%    passed     22.98%
 135  TFK33855.1        0.00%    passed     31.10%
 136  WP_013565436.1    0.00%    passed     67.11%
 137  WP_002650502.1    0.00%    passed     57.17%
 138  WP_105337435.1    0.00%    passed     89.19%
 139  WP_171189606.1    0.00%    passed     75.10%
 140  WP_145369354.1    0.00%    passed     99.59%
 141  WP_013629311.1    0.00%    passed     99.53%
 142  MBK8810549.1      0.00%    passed     93.14%
 143  MBA3256323.1      0.41%    passed     87.40%
 144  HCX29462.1        0.41%    passed     78.12%
 145  HAF14778.1        0.41%    passed     78.12%
 146  MBK8314111.1      0.00%    passed     97.36%
 147  WP_076350471.1    0.00%    passed     68.62%
 148  WP_145277802.1    0.00%    passed     17.36%
 149  WP_126727018.1    0.00%    passed     57.54%
 150  WP_152052530.1    0.00%    passed     89.55%
 151  WP_074304809.1    0.00%    passed     94.17%
 152  WP_146447922.1    0.82%    passed     95.90%
 153  QQS45580.1        0.00%    passed     99.64%
 154  WP_029600761.1    0.00%    passed     95.74%
 155  WP_165233364.1    0.00%    passed     86.49%
 156  WP_148598371.1    0.00%    passed     78.71%
 157  MBK9215749.1      0.00%    passed     96.52%
 158  HGT41099.1        0.00%    passed     65.87%
 159  WP_165252253.1    0.00%    passed     34.37%
 160  MBI4404202.1      0.00%    passed     83.28%
 161  WP_183977678.1    0.00%    passed     79.03%
 162  WP_186741044.1    0.00%    passed     99.06%
 163  WP_183789369.1    0.00%    passed     75.19%
 164  WP_162539052.1    0.00%    passed     86.76%
 165  WP_162402672.1    0.00%    passed     88.19%
 166  WP_158908989.1    0.00%    passed     95.39%
 167  WP_074656228.1    0.00%    passed     88.68%
 168  NUQ28341.1        0.00%    passed     98.21%
 169  WP_184220988.1    0.00%    passed     80.29%
 170  WP_131994437.1    0.00%    passed     39.19%
 171  WP_186694369.1    0.00%    passed     47.40%
 172  WP_162669649.1    0.41%    passed     63.59%
 173  WP_184678013.1    0.41%    passed     90.09%
 174  HIB64306.1        0.82%    passed     96.21%
 175  WP_164101977.1    0.00%    passed     98.20%
 176  MBA3713927.1      0.00%    passed     90.15%
 177  MSR54569.1        0.41%    passed     65.10%
 178  MBC7782626.1      0.00%    passed     44.77%
 179  HHK74172.1        0.00%    passed     91.87%
 180  HFQ15255.1        0.00%    passed     81.85%
 181  WP_088711803.1    0.00%    passed      9.75%
 182  WP_075055114.1    4.12%    passed     96.85%
 183  WP_148699201.1    4.12%    passed     97.82%
 184  XP_018276890.1    0.00%    failed      4.26%
 185  XP_028474224.1    0.00%    passed     43.63%
 186  TXT13265.1        0.41%    passed     70.19%
 187  OZJ05472.1        0.00%    passed     99.66%
 188  KIM29307.1        0.00%    passed     82.77%
 189  KIM20535.1        0.00%    passed     85.69%
 190  WP_011159102.1    0.00%    passed     81.28%
 191  WP_011461623.1    0.41%    passed     98.05%
 192  BAF58621.1pre     0.41%    passed     10.90%
 193  BAO65696.1        4.53%    failed      1.49%
 194  WP_012120819.1    0.82%    passed      6.78%
 195  HEJ77228.1       24.28%    failed      0.18%
 196  MBR09768.1       10.29%    passed     15.99%
 197  MBI2968279.1      1.65%    passed      8.43%
 198  WP_162428997.1    1.65%    passed     39.05%
 199  WP_161888171.1    1.65%    passed     63.10%
 200  WP_089320228.1    1.65%    passed     48.85%
 201  WP_106543656.1    2.06%    passed     25.62%
 202  WP_027470721.1    1.65%    failed      0.46%
 203  WP_119440273.1    2.06%    passed     19.10%
 204  MBL0068359.1      1.65%    passed     68.30%
 205  NJD23459.1        0.00%    failed      1.65%
 206  NCS82783.1        0.00%    passed     10.41%
 207  KAA0247893.1      0.00%    failed      0.33%
 208  MBI5660800.1      0.82%    passed     62.93%
 209  WP_011483559.1    1.23%    passed     14.98%
 210  OGI50687.1        1.23%    passed     19.18%
 211  WP_114972448.1    1.23%    passed     59.05%
 212  MBK5187575.1      1.23%    passed     17.71%
 213  HGW42276.1        1.23%    passed     97.81%
 214  WP_071101547.1    1.23%    passed     99.42%
 215  HEJ34517.1       22.22%    failed      0.03%
 216  MBI1903475.1     22.22%    passed     82.52%
 217  NOZ69799.1       22.22%    passed     86.93%
 218  XP_009035805.1   15.23%    passed     66.53%
 219  ota_1495857_1    11.52%    failed      1.67%
 220  NO17441.1        15.64%    passed     38.71%
 221  WP_092436108.1   15.64%    passed     36.37%
 222  PKL35195.1       14.40%    passed     57.76%
 223  MAD72826.1        2.47%    passed     17.01%
 224  MBU89002.1        2.47%    passed     12.50%
 225  MBF26215.1        2.06%    passed      7.33%
 226  OE19912.1        13.99%    passed     19.58%
 227  GAX20488.1        2.06%    failed      0.00%
 228  GAX13517.1        7.82%    failed      0.01%
 229  XP_005782918.1    3.70%    failed      1.21%
 230  XP_005761177.1    3.70%    failed      1.56%
 231  KOO24749.1        2.47%    failed      3.91%
 232  VEU39038.1        0.82%    passed     20.75%
 233  EJK65823.1        2.06%    passed     90.83%
 234  XP_002290647.1    2.06%    passed     68.07%
****  TOTAL             1.91%  25 sequences failed composition chi2 test (p-value<5%; df=19)
NOTE: WP_078455143.1 is identical to WP_052132093.1 but kept for subsequent analysis
NOTE: KAG2019895.1 is identical to zcci_2544296_C but kept for subsequent analysis
NOTE: HAF14778.1 is identical to HCX29462.1 but kept for subsequent analysis
NOTE: 1 identical sequences (see below) will be ignored for subsequent analysis
NOTE: KHF26218.1 (identical to WP_052132093.1) is ignored but added at the end

For your convenience alignment with unique sequences printed to ArsM_G2_MAFFT_80trim_v2.fasta.uniqueseq.phy


Create initial parsimony tree by phylogenetic likelihood library (PLL)... 0.085 seconds
NOTE: ModelFinder requires 39 MB RAM!
ModelFinder will test 168 protein models (sample size: 243) ...
 No. Model         -LnL         df  AIC          AICc         BIC
  1  Dayhoff       54309.188    463 109544.377   539208.377   111161.664
  2  Dayhoff+I     53906.788    464 108741.576   540261.576   110362.356
  3  Dayhoff+G4    51029.757    464 102987.514   534507.514   104608.295
  4  Dayhoff+I+G4  51002.945    465 102935.889   536315.889   104560.163
  5  Dayhoff+F     54667.227    482 110298.454   575910.454   111982.110
  6  Dayhoff+F+I   54253.536    483 109473.073   577017.073   111160.221
  7  Dayhoff+F+G4  51179.153    483 103324.306   570868.306   105011.455
  8  Dayhoff+F+I+G4 51150.175    484 103268.349   572748.349   104958.991
  9  mtMAM         62877.097    463 126680.194   556344.194   128297.482
 10  mtMAM+I       62580.286    464 126088.572   557608.572   127709.352
 11  mtMAM+G4      55925.269    464 112778.538   544298.538   114399.318
 12  mtMAM+I+G4    55900.480    465 112730.959   546110.959   114355.233
 13  mtMAM+F       59354.305    482 119672.609   585284.609   121356.265
 14  mtMAM+F+I     58960.882    483 118887.765   586431.765   120574.913
 15  mtMAM+F+G4    53645.708    483 108257.416   575801.416   109944.565
 16  mtMAM+F+I+G4  53609.274    484 108186.548   577666.548   109877.190
 17  JTT           54110.678    463 109147.355   538811.355   110764.643
 18  JTT+I         53742.460    464 108412.921   539932.921   110033.701
 19  JTT+G4        50679.840    464 102287.679   533807.679   103908.460
 20  JTT+I+G4      50654.253    465 102238.507   535618.507   103862.780
 21  JTT+F         54417.007    482 109798.013   575410.013   111481.669
 22  JTT+F+I       54043.116    483 109052.232   576596.232   110739.381
 23  JTT+F+G4      50871.989    483 102709.977   570253.977   104397.126
 24  JTT+F+I+G4    50846.974    484 102661.948   572141.948   104352.590
 25  WAG           53269.878    463 107465.756   537129.756   109083.043
 26  WAG+I         52917.131    464 106762.262   538282.262   108383.043
 27  WAG+G4        50330.036    464 101588.072   533108.072   103208.853
 28  WAG+I+G4      50299.665    465 101529.330   534909.330   103153.603
 29  WAG+F         53439.644    482 107843.288   573455.288   109526.944
 30  WAG+F+I       53080.029    483 107126.059   574670.059   108813.208
 31  WAG+F+G4      50392.090    483 101750.180   569294.180   103437.329
 32  WAG+F+I+G4    50358.235    484 101684.470   571164.470   103375.112
 33  cpREV         53950.047    463 108826.095   538490.095   110443.382
 34  cpREV+I       53535.418    464 107998.836   539518.836   109619.617
 35  cpREV+G4      50809.968    464 102547.935   534067.935   104168.716
 36  cpREV+I+G4    50778.376    465 102486.753   535866.753   104111.026
 37  cpREV+F       54101.815    482 109167.630   574779.630   110851.286
 38  cpREV+F+I     53661.851    483 108289.702   575833.702   109976.851
 39  cpREV+F+G4    50917.451    483 102800.901   570344.901   104488.050
 40  cpREV+F+I+G4  50881.341    484 102730.682   572210.682   104421.323
 41  mtREV         58883.022    463 118692.043   548356.043   120309.331
 42  mtREV+I       58555.954    464 118039.908   549559.908   119660.688
 43  mtREV+G4      54159.460    464 109246.919   540766.919   110867.700
 44  mtREV+I+G4    54120.722    465 109171.444   542551.444   110795.718
 45  mtREV+F       55897.010    482 112758.020   578370.020   114441.676
 46  mtREV+F+I     55494.373    483 111954.746   579498.746   113641.895
 47  mtREV+F+G4    51858.396    483 104682.791   572226.791   106369.940
 48  mtREV+F+I+G4  51810.569    484 104589.138   574069.138   106279.780
 49  rtREV         54199.823    463 109325.645   538989.645   110942.933
 50  rtREV+I       53842.116    464 108612.232   540132.232   110233.013
 51  rtREV+G4      50742.987    464 102413.975   533933.975   104034.755
 52  rtREV+I+G4    50714.079    465 102358.158   535738.158   103982.432
 53  rtREV+F       54118.889    482 109201.778   574813.778   110885.434
 54  rtREV+F+I     53746.303    483 108458.605   576002.605   110145.754
 55  rtREV+F+G4    50499.063    483 101964.126   569508.126   103651.274
 56  rtREV+F+I+G4  50473.097    484 101914.195   571394.195   103604.837
 57  mtART         61884.476    463 124694.952   554358.952   126312.239
 58  mtART+I       61542.867    464 124013.733   555533.733   125634.514
 59  mtART+G4      55058.085    464 111044.170   542564.170   112664.950
 60  mtART+I+G4    55033.985    465 110997.971   544377.971   112622.244
 61  mtART+F       58726.583    482 118417.165   584029.165   120100.821
 62  mtART+F+I     58281.878    483 117529.756   585073.756   119216.905
 63  mtART+F+G4    53012.582    483 106991.164   574535.164   108678.312
 64  mtART+F+I+G4  52972.597    484 106913.195   576393.195   108603.837
 65  mtZOA         59107.171    463 119140.342   548804.342   120757.629
 66  mtZOA+I       58773.198    464 118474.397   549994.397   120095.177
 67  mtZOA+G4      53265.017    464 107458.033   538978.033   109078.814
 68  mtZOA+I+G4    53243.725    465 107417.450   540797.450   109041.723
 69  mtZOA+F       56890.794    482 114745.587   580357.587   116429.243
 70  mtZOA+F+I     56459.964    483 113885.927   581429.927   115573.076
 71  mtZOA+F+G4    52007.810    483 104981.620   572525.620   106668.768
 72  mtZOA+F+I+G4  51944.205    484 104856.411   574336.411   106547.053
 73  VT            53547.924    463 108021.849   537685.849   109639.136
 74  VT+I          53202.299    464 107332.598   538852.598   108953.378
 75  VT+G4         50494.604    464 101917.209   533437.209   103537.989
 76  VT+I+G4       50467.301    465 101864.601   535244.601   103488.875
 77  VT+F          53715.930    482 108395.860   574007.860   110079.516
 78  VT+F+I        53365.584    483 107697.167   575241.167   109384.316
 79  VT+F+G4       50588.650    483 102143.301   569687.301   103830.449
 80  VT+F+I+G4     50562.795    484 102093.590   571573.590   103784.232
 81  LG            53582.603    463 108091.206   537755.206   109708.493
 82  LG+I          53223.133    464 107374.265   538894.265   108995.046
 83  LG+G4         50053.912    464 101035.823   532555.823   102656.604
 84  LG+I+G4       50025.941    465 100981.883   534361.883   102606.156
 85  LG+F          53854.590    482 108673.179   574285.179   110356.835
 86  LG+F+I        53484.290    483 107934.580   575478.580   109621.729
 87  LG+F+G4       50224.416    483 101414.831   568958.831   103101.980
 88  LG+F+I+G4     50198.098    484 101364.197   570844.197   103054.839
 89  DCMut         54309.241    463 109544.482   539208.482   111161.769
 90  DCMut+I       53907.333    464 108742.665   540262.665   110363.446
 91  DCMut+G4      51031.504    464 102991.009   534511.009   104611.789
 92  DCMut+I+G4    51004.780    465 102939.561   536319.561   104563.834
 93  DCMut+F       54665.456    482 110294.912   575906.912   111978.568
 94  DCMut+F+I     54252.290    483 109470.581   577014.581   111157.729
 95  DCMut+F+G4    51179.620    483 103325.240   570869.240   105012.388
 96  DCMut+F+I+G4  51150.768    484 103269.536   572749.536   104960.177
 97  PMB           54041.222    463 109008.444   538672.444   110625.732
 98  PMB+I         53725.554    464 108379.109   539899.109   109999.889
 99  PMB+G4        50993.213    464 102914.426   534434.426   104535.206
100  PMB+I+G4      50964.279    465 102858.558   536238.558   104482.832
101  PMB+F         53986.386    482 108936.772   574548.772   110620.428
102  PMB+F+I       53660.049    483 108286.098   575830.098   109973.246
103  PMB+F+G4      50917.633    483 102801.266   570345.266   104488.414
104  PMB+F+I+G4    50888.138    484 102744.276   572224.276   104434.918
105  HIVb          56119.117    463 113164.235   542828.235   114781.522
106  HIVb+I        55678.261    464 112284.521   543804.521   113905.302
107  HIVb+G4       52077.260    464 105082.520   536602.520   106703.300
108  HIVb+I+G4     52041.575    465 105013.149   538393.149   106637.423
109  HIVb+F        56279.334    482 113522.668   579134.668   115206.324
110  HIVb+F+I      55847.149    483 112660.298   580204.298   114347.447
111  HIVb+F+G4     52145.868    483 105257.737   572801.737   106944.886
112  HIVb+F+I+G4   52112.948    484 105193.897   574673.897   106884.539
113  HIVw          58358.751    463 117643.501   547307.501   119260.789
114  HIVw+I        57909.128    464 116746.256   548266.256   118367.037
115  HIVw+G4       54516.221    464 109960.441   541480.441   111581.222
116  HIVw+I+G4     54482.546    465 109895.092   543275.092   111519.365
117  HIVw+F        58050.443    482 117064.887   582676.887   118748.542
118  HIVw+F+I      57624.883    483 116215.767   583759.767   117902.915
119  HIVw+F+G4     53958.738    483 108883.475   576427.475   110570.624
120  HIVw+F+I+G4   53924.042    484 108816.083   578296.083   110506.725
121  JTTDCMut      54077.146    463 109080.293   538744.293   110697.580
122  JTTDCMut+I    53708.655    464 108345.309   539865.309   109966.090
123  JTTDCMut+G4   50671.557    464 102271.115   533791.115   103891.895
124  JTTDCMut+I+G4 50646.099    465 102222.197   535602.197   103846.471
125  JTTDCMut+F    54377.420    482 109718.841   575330.841   111402.496
126  JTTDCMut+F+I  54003.192    483 108972.385   576516.385   110659.533
127  JTTDCMut+F+G4 50851.994    483 102669.988   570213.988   104357.137
128  JTTDCMut+F+I+G4 50827.306    484 102622.611   572102.611   104313.253
129  FLU           55393.034    463 111712.069   541376.069   113329.356
130  FLU+I         55022.603    464 110973.206   542493.206   112593.986
131  FLU+G4        51729.083    464 104386.166   535906.166   106006.947
132  FLU+I+G4      51693.841    465 104317.682   537697.682   105941.956
133  FLU+F         55379.670    482 111723.340   577335.340   113406.996
134  FLU+F+I       55022.416    483 111010.832   578554.832   112697.981
135  FLU+F+G4      51558.525    483 104083.051   571627.051   105770.199
136  FLU+F+I+G4    51523.298    484 104014.595   573494.595   105705.237
137  Blosum62      53922.488    463 108770.976   538434.976   110388.264
138  Blosum62+I    53615.362    464 108158.723   539678.723   109779.504
139  Blosum62+G4   50917.609    464 102763.219   534283.219   104383.999
140  Blosum62+I+G4 50890.594    465 102711.189   536091.189   104335.462
141  Blosum62+F    53917.976    482 108799.952   574411.952   110483.608
142  Blosum62+F+I  53593.265    483 108152.531   575696.531   109839.679
143  Blosum62+F+G4 50875.833    483 102717.666   570261.666   104404.815
144  Blosum62+F+I+G4 50849.522    484 102667.045   572147.045   104357.687
145  mtMet         59546.392    463 120018.784   549682.784   121636.071
146  mtMet+I       59237.818    464 119403.635   550923.635   121024.416
147  mtMet+G4      54326.270    464 109580.540   541100.540   111201.320
148  mtMet+I+G4    54315.690    465 109561.380   542941.380   111185.653
149  mtMet+F       56744.046    482 114452.092   580064.092   116135.748
150  mtMet+F+I     56350.537    483 113667.075   581211.075   115354.224
151  mtMet+F+G4    52150.296    483 105266.593   572810.593   106953.741
152  mtMet+F+I+G4  52128.387    484 105224.774   574704.774   106915.416
153  mtVer         60495.647    463 121917.294   551581.294   123534.581
154  mtVer+I       60174.569    464 121277.138   552797.138   122897.919
155  mtVer+G4      54747.844    464 110423.689   541943.689   112044.469
156  mtVer+I+G4    54737.430    465 110404.859   543784.859   112029.133
157  mtVer+F       57957.638    482 116879.277   582491.277   118562.932
158  mtVer+F+I     57519.438    483 116004.876   583548.876   117692.024
159  mtVer+F+G4    53050.028    483 107066.055   574610.055   108753.204
160  mtVer+F+I+G4  53031.028    484 107030.056   576510.056   108720.698
161  mtInv         59230.002    463 119386.004   549050.004   121003.292
162  mtInv+I       58910.688    464 118749.377   550269.377   120370.157
163  mtInv+G4      54441.020    464 109810.039   541330.039   111430.820
164  mtInv+I+G4    54426.416    465 109782.832   543162.832   111407.106
165  mtInv+F       55915.719    482 112795.439   578407.439   114479.094
166  mtInv+F+I     55506.280    483 111978.561   579522.561   113665.709
167  mtInv+F+G4    51643.732    483 104253.464   571797.464   105940.613
168  mtInv+F+I+G4  51622.039    484 104212.077   573692.077   105902.719
Akaike Information Criterion:           LG+I+G4
Corrected Akaike Information Criterion: LG+G4
Bayesian Information Criterion:         LG+I+G4
Best-fit model: LG+I+G4 chosen according to BIC

All model information printed to ArsM_G2_MAFFT_80trim_v2.fasta.model.gz
CPU time for ModelFinder: 201.351 seconds (0h:3m:21s)
Wall-clock time for ModelFinder: 203.203 seconds (0h:3m:23s)
Generating 1000 samples for ultrafast bootstrap (seed: 546804)...

NOTE: 39 MB RAM (0 GB) is required!
Estimate model parameters (epsilon = 0.100)
Thoroughly optimizing +I+G parameters from 10 start values...
Init pinv, alpha: 0.000, 1.000 / Estimate: 0.032, 0.926 / LogL: -50025.941
Init pinv, alpha: 0.004, 1.000 / Estimate: 0.032, 0.925 / LogL: -50025.941
Init pinv, alpha: 0.007, 1.000 / Estimate: 0.032, 0.926 / LogL: -50025.941
Init pinv, alpha: 0.011, 1.000 / Estimate: 0.032, 0.925 / LogL: -50025.941
Init pinv, alpha: 0.015, 1.000 / Estimate: 0.032, 0.926 / LogL: -50025.942
Init pinv, alpha: 0.018, 1.000 / Estimate: 0.032, 0.926 / LogL: -50025.942
Init pinv, alpha: 0.022, 1.000 / Estimate: 0.032, 0.926 / LogL: -50025.942
Init pinv, alpha: 0.026, 1.000 / Estimate: 0.032, 0.926 / LogL: -50025.942
Init pinv, alpha: 0.029, 1.000 / Estimate: 0.032, 0.925 / LogL: -50025.942
Init pinv, alpha: 0.033, 1.000 / Estimate: 0.032, 0.926 / LogL: -50025.942
Optimal pinv,alpha: 0.032, 0.926 / LogL: -50025.941

Parameters optimization took 18.527 sec
Computing ML distances based on estimated model parameters... 20.835 sec
Computing BIONJ tree...
0.361 seconds
Log-likelihood of BIONJ tree: -49959.710
--------------------------------------------------------------------
|             INITIALIZING CANDIDATE TREE SET                      |
--------------------------------------------------------------------
Generating 98 parsimony trees... 8.278 second
Computing log-likelihood of 98 initial trees ... 28.684 seconds
Current best score: -49895.842

Do NNI search on 20 best initial trees
Estimate model parameters (epsilon = 0.100)
BETTER TREE FOUND at iteration 1: -49755.197
Estimate model parameters (epsilon = 0.100)
BETTER TREE FOUND at iteration 2: -49735.606
Iteration 10 / LogL: -49768.710 / Time: 0h:1m:52s
Iteration 20 / LogL: -49785.467 / Time: 0h:2m:26s
Finish initializing candidate tree set (20)
Current best tree score: -49735.606 / CPU time: 105.808
Number of iterations: 20
--------------------------------------------------------------------
|               OPTIMIZING CANDIDATE TREE SET                      |
--------------------------------------------------------------------
Estimate model parameters (epsilon = 0.100)
BETTER TREE FOUND at iteration 24: -49719.938
Estimate model parameters (epsilon = 0.100)
BETTER TREE FOUND at iteration 27: -49716.244
Estimate model parameters (epsilon = 0.100)
BETTER TREE FOUND at iteration 30: -49714.917
Iteration 30 / LogL: -49714.917 / Time: 0h:3m:10s (0h:10m:58s left)
Estimate model parameters (epsilon = 0.100)
BETTER TREE FOUND at iteration 31: -49710.865
Estimate model parameters (epsilon = 0.100)
BETTER TREE FOUND at iteration 34: -49703.515
Iteration 40 / LogL: -49705.224 / Time: 0h:3m:54s (0h:9m:25s left)
Estimate model parameters (epsilon = 0.100)
BETTER TREE FOUND at iteration 42: -49702.606
Estimate model parameters (epsilon = 0.100)
BETTER TREE FOUND at iteration 46: -49701.684
Estimate model parameters (epsilon = 0.100)
BETTER TREE FOUND at iteration 50: -49700.825
Iteration 50 / LogL: -49700.825 / Time: 0h:4m:46s (0h:9m:44s left)
Log-likelihood cutoff on original alignment: -49806.610
Estimate model parameters (epsilon = 0.100)
BETTER TREE FOUND at iteration 51: -49698.171
Estimate model parameters (epsilon = 0.100)
BETTER TREE FOUND at iteration 52: -49696.953
Estimate model parameters (epsilon = 0.100)
BETTER TREE FOUND at iteration 54: -49696.861
Estimate model parameters (epsilon = 0.100)
BETTER TREE FOUND at iteration 58: -49693.549
Iteration 60 / LogL: -49697.456 / Time: 0h:5m:30s (0h:9m:8s left)
Iteration 70 / LogL: -49697.562 / Time: 0h:6m:10s (0h:7m:53s left)
Iteration 80 / LogL: -49702.036 / Time: 0h:6m:52s (0h:6m:46s left)
Estimate model parameters (epsilon = 0.100)
BETTER TREE FOUND at iteration 87: -49693.400
Iteration 90 / LogL: -49698.148 / Time: 0h:7m:31s (0h:8m:12s left)
Iteration 100 / LogL: -49694.018 / Time: 0h:8m:9s (0h:7m:10s left)
Log-likelihood cutoff on original alignment: -49804.959
NOTE: Bootstrap correlation coefficient of split occurrence frequencies: 0.988
NOTE: UFBoot does not converge, continue at least 100 more iterations
Estimate model parameters (epsilon = 0.100)
BETTER TREE FOUND at iteration 103: -49693.106
Iteration 110 / LogL: -49711.799 / Time: 0h:8m:48s (0h:7m:30s left)
Iteration 120 / LogL: -49702.872 / Time: 0h:9m:25s (0h:6m:34s left)
Iteration 130 / LogL: -49869.911 / Time: 0h:10m:0s (0h:5m:39s left)
Iteration 140 / LogL: -49711.577 / Time: 0h:10m:35s (0h:4m:47s left)
Iteration 150 / LogL: -49698.860 / Time: 0h:11m:10s (0h:3m:58s left)
Log-likelihood cutoff on original alignment: -49804.959
Estimate model parameters (epsilon = 0.100)
BETTER TREE FOUND at iteration 156: -49692.165
Iteration 160 / LogL: -49699.708 / Time: 0h:11m:49s (0h:7m:8s left)
Iteration 170 / LogL: -49698.793 / Time: 0h:12m:26s (0h:6m:19s left)
Estimate model parameters (epsilon = 0.100)
BETTER TREE FOUND at iteration 180: -49692.029
Iteration 180 / LogL: -49692.029 / Time: 0h:13m:5s (0h:7m:18s left)
Iteration 190 / LogL: -49709.166 / Time: 0h:13m:43s (0h:6m:31s left)
Iteration 200 / LogL: -49692.804 / Time: 0h:14m:23s (0h:5m:47s left)
Log-likelihood cutoff on original alignment: -49804.959
NOTE: Bootstrap correlation coefficient of split occurrence frequencies: 0.998
Iteration 210 / LogL: -49742.242 / Time: 0h:15m:1s (0h:6m:28s left)
Iteration 220 / LogL: -49709.821 / Time: 0h:15m:39s (0h:5m:43s left)
Iteration 230 / LogL: -49707.883 / Time: 0h:16m:17s (0h:4m:58s left)
Iteration 240 / LogL: -49702.382 / Time: 0h:16m:56s (0h:4m:15s left)
Iteration 250 / LogL: -49703.573 / Time: 0h:17m:35s (0h:3m:31s left)
Log-likelihood cutoff on original alignment: -49804.959
Estimate model parameters (epsilon = 0.100)
BETTER TREE FOUND at iteration 257: -49691.216
Iteration 260 / LogL: -49702.221 / Time: 0h:18m:19s (0h:6m:51s left)
Iteration 270 / LogL: -49797.303 / Time: 0h:19m:20s (0h:6m:15s left)
Iteration 280 / LogL: -49702.398 / Time: 0h:20m:12s (0h:5m:34s left)
Estimate model parameters (epsilon = 0.100)
BETTER TREE FOUND at iteration 288: -49690.225
Iteration 290 / LogL: -49694.306 / Time: 0h:20m:51s (0h:7m:4s left)
Iteration 300 / LogL: -49774.593 / Time: 0h:21m:31s (0h:6m:20s left)
Log-likelihood cutoff on original alignment: -49804.959
NOTE: Bootstrap correlation coefficient of split occurrence frequencies: 0.999
Iteration 310 / LogL: -49692.282 / Time: 0h:22m:13s (0h:6m:28s left)
Iteration 320 / LogL: -49697.494 / Time: 0h:22m:56s (0h:5m:45s left)
Iteration 330 / LogL: -49705.717 / Time: 0h:23m:33s (0h:5m:0s left)
Iteration 340 / LogL: -49692.817 / Time: 0h:24m:12s (0h:4m:17s left)
Estimate model parameters (epsilon = 0.100)
BETTER TREE FOUND at iteration 350: -49687.952
Iteration 350 / LogL: -49687.952 / Time: 0h:24m:53s (0h:7m:8s left)
Log-likelihood cutoff on original alignment: -49804.959
Iteration 360 / LogL: -49746.856 / Time: 0h:25m:33s (0h:6m:24s left)
Estimate model parameters (epsilon = 0.100)
BETTER TREE FOUND at iteration 363: -49686.154
Iteration 370 / LogL: -49700.418 / Time: 0h:26m:13s (0h:6m:36s left)
Estimate model parameters (epsilon = 0.100)
BETTER TREE FOUND at iteration 372: -49685.825
Iteration 380 / LogL: -49700.777 / Time: 0h:26m:54s (0h:6m:31s left)
Estimate model parameters (epsilon = 0.100)
BETTER TREE FOUND at iteration 384: -49684.846
Iteration 390 / LogL: -49689.227 / Time: 0h:27m:32s (0h:6m:39s left)
Iteration 400 / LogL: -49699.112 / Time: 0h:28m:9s (0h:5m:55s left)
Log-likelihood cutoff on original alignment: -49797.744
NOTE: Bootstrap correlation coefficient of split occurrence frequencies: 0.995
Iteration 410 / LogL: -49700.253 / Time: 0h:28m:52s (0h:6m:21s left)
Estimate model parameters (epsilon = 0.100)
BETTER TREE FOUND at iteration 420: -49684.504
Iteration 420 / LogL: -49684.504 / Time: 0h:29m:35s (0h:7m:3s left)
Iteration 430 / LogL: -49690.335 / Time: 0h:30m:16s (0h:6m:21s left)
Iteration 440 / LogL: -49698.316 / Time: 0h:30m:58s (0h:5m:38s left)
Iteration 450 / LogL: -49692.171 / Time: 0h:31m:37s (0h:4m:55s left)
Log-likelihood cutoff on original alignment: -49794.679
Estimate model parameters (epsilon = 0.100)
BETTER TREE FOUND at iteration 452: -49684.090
Iteration 460 / LogL: -49691.903 / Time: 0h:32m:19s (0h:6m:28s left)
Iteration 470 / LogL: -49698.685 / Time: 0h:33m:1s (0h:5m:46s left)
Iteration 480 / LogL: -49690.240 / Time: 0h:33m:47s (0h:5m:4s left)
Iteration 490 / LogL: -49693.307 / Time: 0h:34m:29s (0h:4m:22s left)
Iteration 500 / LogL: -49688.814 / Time: 0h:35m:8s (0h:3m:39s left)
Log-likelihood cutoff on original alignment: -49786.610
NOTE: Bootstrap correlation coefficient of split occurrence frequencies: 0.988
NOTE: UFBoot does not converge, continue at least 100 more iterations
Iteration 510 / LogL: -49691.911 / Time: 0h:35m:52s (0h:6m:20s left)
Iteration 520 / LogL: -49702.567 / Time: 0h:36m:36s (0h:5m:38s left)
Iteration 530 / LogL: -49691.753 / Time: 0h:37m:18s (0h:4m:56s left)
Iteration 540 / LogL: -49687.367 / Time: 0h:38m:2s (0h:4m:14s left)
Iteration 550 / LogL: -49685.990 / Time: 0h:38m:46s (0h:3m:31s left)
Log-likelihood cutoff on original alignment: -49786.610
Iteration 560 / LogL: -49689.448 / Time: 0h:39m:30s (0h:2m:49s left)
Iteration 570 / LogL: -49685.092 / Time: 0h:40m:14s (0h:2m:7s left)
Iteration 580 / LogL: -49686.473 / Time: 0h:40m:53s (0h:1m:24s left)
Iteration 590 / LogL: -49871.064 / Time: 0h:41m:43s (0h:0m:42s left)
Iteration 600 / LogL: -49694.277 / Time: 0h:42m:31s (0h:0m:0s left)
Log-likelihood cutoff on original alignment: -49786.610
NOTE: Bootstrap correlation coefficient of split occurrence frequencies: 0.984
NOTE: UFBoot does not converge, continue at least 100 more iterations
Iteration 610 / LogL: -49697.725 / Time: 0h:43m:22s (0h:6m:24s left)
Iteration 620 / LogL: -49716.562 / Time: 0h:44m:9s (0h:5m:42s left)
Iteration 630 / LogL: -49703.154 / Time: 0h:44m:56s (0h:5m:0s left)
Iteration 640 / LogL: -49703.910 / Time: 0h:45m:45s (0h:4m:17s left)
Iteration 650 / LogL: -49703.905 / Time: 0h:46m:32s (0h:3m:35s left)
Log-likelihood cutoff on original alignment: -49786.610
Iteration 660 / LogL: -49686.941 / Time: 0h:47m:14s (0h:2m:52s left)
Iteration 670 / LogL: -49686.517 / Time: 0h:48m:0s (0h:2m:9s left)
Iteration 680 / LogL: -49690.792 / Time: 0h:48m:43s (0h:1m:26s left)
Iteration 690 / LogL: -49699.768 / Time: 0h:49m:26s (0h:0m:43s left)
Estimate model parameters (epsilon = 0.100)
BETTER TREE FOUND at iteration 694: -49683.557
Iteration 700 / LogL: -49692.489 / Time: 0h:50m:16s (0h:6m:45s left)
Log-likelihood cutoff on original alignment: -49786.610
NOTE: Bootstrap correlation coefficient of split occurrence frequencies: 0.987
NOTE: UFBoot does not converge, continue at least 100 more iterations
Iteration 710 / LogL: -49688.192 / Time: 0h:50m:59s (0h:6m:28s left)
Iteration 720 / LogL: -49685.726 / Time: 0h:51m:38s (0h:5m:44s left)
Iteration 730 / LogL: -49685.248 / Time: 0h:52m:18s (0h:5m:1s left)
Iteration 740 / LogL: -49691.228 / Time: 0h:52m:56s (0h:4m:17s left)
Iteration 750 / LogL: -49684.239 / Time: 0h:53m:35s (0h:3m:34s left)
Log-likelihood cutoff on original alignment: -49786.610
Iteration 760 / LogL: -49703.206 / Time: 0h:54m:17s (0h:2m:51s left)
Iteration 770 / LogL: -49691.456 / Time: 0h:54m:57s (0h:2m:8s left)
Iteration 780 / LogL: -49690.030 / Time: 0h:55m:37s (0h:1m:25s left)
Iteration 790 / LogL: -49685.646 / Time: 0h:56m:16s (0h:0m:42s left)
Iteration 800 / LogL: -49741.403 / Time: 0h:56m:55s (0h:0m:0s left)
Log-likelihood cutoff on original alignment: -49786.610
NOTE: Bootstrap correlation coefficient of split occurrence frequencies: 0.994
TREE SEARCH COMPLETED AFTER 800 ITERATIONS / Time: 0h:56m:57s

--------------------------------------------------------------------
|                    FINALIZING TREE SEARCH                        |
--------------------------------------------------------------------
Performs final model parameters optimization
Estimate model parameters (epsilon = 0.010)
1. Initial log-likelihood: -49683.557
Optimal log-likelihood: -49683.557
Proportion of invariable sites: 0.032
Gamma shape alpha: 0.947
Parameters optimization took 1 rounds (0.782 sec)
BEST SCORE FOUND : -49683.557
Creating bootstrap support values...
Split supports printed to NEXUS file ArsM_G2_MAFFT_80trim_v2.fasta.splits.nex
Total tree length: 62.202

Total number of iterations: 800
CPU time used for tree search: 3326.092 sec (0h:55m:26s)
Wall-clock time used for tree search: 3376.882 sec (0h:56m:16s)
Total CPU time used: 3368.406 sec (0h:56m:8s)
Total wall-clock time used: 3420.219 sec (0h:57m:0s)

Computing bootstrap consensus tree...
Reading input file ArsM_G2_MAFFT_80trim_v2.fasta.splits.nex...
233 taxa and 1399 splits.
Consensus tree written to ArsM_G2_MAFFT_80trim_v2.fasta.contree
Reading input trees file ArsM_G2_MAFFT_80trim_v2.fasta.contree
Log-likelihood of consensus tree: -49718.375

Analysis results written to: 
  IQ-TREE report:                ArsM_G2_MAFFT_80trim_v2.fasta.iqtree
  Maximum-likelihood tree:       ArsM_G2_MAFFT_80trim_v2.fasta.treefile
  Likelihood distances:          ArsM_G2_MAFFT_80trim_v2.fasta.mldist

Ultrafast bootstrap approximation results written to:
  Split support values:          ArsM_G2_MAFFT_80trim_v2.fasta.splits.nex
  Consensus tree:                ArsM_G2_MAFFT_80trim_v2.fasta.contree
  Screen log file:               ArsM_G2_MAFFT_80trim_v2.fasta.log

Date and Time: Mon May 24 14:40:14 2021
