IQ-TREE multicore version 1.6.12 for Linux 64-bit built Aug 15 2019
Developed by Bui Quang Minh, Nguyen Lam Tung, Olga Chernomor,
Heiko Schmidt, Dominik Schrempf, Michael Woodhams.

Host:    darwin (SSE4.2, 1385 GB RAM)
Command: /home/fernando/GMR/iqtree-1.6.12-Linux/bin/iqtree -s /home/fernando/GMR/ACR3_homologs_RiddedSeqs_v09b_MAFFT_80trim -m LG+R8 -g /home/fernando/GMR/edited_tree_G1G3.constr3 -pre /home/fernando/GMR/ACR3.constr3 -nt 10
Seed:    236997 (Using SPRNG - Scalable Parallel Random Number Generator)
Time:    Fri Apr  2 20:42:06 2021
Kernel:  SSE2 - 10 threads (160 CPU cores detected)

Reading alignment file /home/fernando/GMR/ACR3_homologs_RiddedSeqs_v09b_MAFFT_80trim ... Fasta format detected
Alignment most likely contains protein sequences
Alignment has 302 sequences with 335 columns, 335 distinct patterns
333 parsimony-informative, 1 singleton sites, 1 constant sites
                Gap/Ambiguity  Composition  p-value
   1  KIM20534.1hyp    25.67%    passed     54.79%
   2  KIM29306.1hyp     0.30%    passed     94.75%
   3  SCZ95398.1BZ3     0.30%    passed     73.07%
   4  XP_018271128.1    0.30%    passed     89.09%
   5  OZJ05479.1hyp     0.00%    passed     10.03%
   6  OZJ05479.1        0.00%    passed     10.03%
   7  XP_023467865.1    0.30%    passed      7.54%
   8  EIE81102peps      5.67%    passed      7.75%
   9  ORY98213.1        0.00%    passed     87.71%
  10  CDH56925.1        0.00%    passed     38.96%
  11  SAL96906.1        0.00%    passed     62.01%
  12  RUP45472.1ars     0.00%    passed     94.57%
  13  RUP45473.1sod     0.00%    passed     87.78%
  14  GBF99582.1        0.00%    failed      0.09%
  15  XP_005649016.1    0.00%    passed     98.55%
  16  ppat_347918_fg    0.90%    passed     93.18%
  17  XP_024362327.1    0.90%    passed     93.18%
  18  KAG0559408.1      0.90%    passed     99.35%
  19  KAG0603524.1      0.90%    passed     99.35%
  20  OAE35577.1        0.00%    passed     93.11%
  21  ACN65413.1        0.30%    passed     90.96%
  22  ADE76924.1        0.60%    passed     97.21%
  23  XP_024531516.1    0.00%    passed     70.61%
  24  ctep_1715393_N    0.00%    passed     98.34%
  25  WP_020676700.1    0.00%    passed     98.77%
  26  WP_144971526.1    0.00%    passed     95.62%
  27  gsul_581855_NP    0.00%    passed     84.41%
  28  WP_012530783.1    0.00%    passed     82.06%
  29  WP_014435320.1    0.00%    passed     76.98%
  30  HFD38670.1        0.00%    passed     75.32%
  31  AFZ05754pepc      0.00%    passed     93.71%
  32  WP_150111645.1    0.00%    passed     93.71%
  33  HBL00108.1        0.00%    passed     98.46%
  34  WP_017316582.1    0.00%    passed     92.46%
  35  WP_041042097.1    0.00%    passed     71.84%
  36  HGX99137.1        0.60%    passed     74.52%
  37  WP_146562952.1    0.00%    passed     25.53%
  38  WP_145248711.1    0.00%    passed     75.37%
  39  WP_013559282.1    0.00%    passed     82.56%
  40  OGN93387.1        0.30%    passed     94.36%
  41  bant_2607054_Y    0.00%    passed     37.28%
  42  NP_390456.2       0.00%    passed     49.77%
  43  lcl_NZ_CP01433    0.00%    passed     91.68%
  44  WP_059435897.1    0.00%    passed     36.67%
  45  OFX19853.1        0.00%    passed     78.77%
  46  MBK7581602.1      0.00%    passed     96.23%
  47  HEB02023.1        0.00%    passed     84.02%
  48  BAF58833.1ars     0.00%    passed     54.91%
  49  TDF69387.1        0.00%    passed     53.05%
  50  ATW23609.1        0.00%    passed     46.82%
  51  WP_052218417.1    0.00%    passed     95.36%
  52  WP_135378148.1    0.00%    passed     39.87%
  53  WP_110129476.1    0.00%    passed     51.84%
  54  NIP78165.1        0.00%    passed     46.40%
  55  NNM06376.1        0.00%    passed     97.68%
  56  WP_182277433.1    0.00%    passed     78.19%
  57  WP_150110722.1    0.00%    passed     91.76%
  58  AEU39025.1        0.00%    passed     91.76%
  59  WP_131998669.1    0.00%    passed     88.34%
  60  WP_018478211.1    0.00%    passed     77.77%
  61  OJW32113.1        0.00%    passed     60.32%
  62  RYY87559.1        0.00%    passed     83.03%
  63  RYD85270.1        0.00%    passed     92.48%
  64  NTD97469.1        0.00%    passed     55.77%
  65  WP_132535095.1    0.00%    passed     63.99%
  66  WP_012899435.1    0.00%    passed     64.17%
  67  WP_014865921.1    0.00%    passed     63.21%
  68  PKL63902.1        0.00%    passed     87.82%
  69  WP_004078590.1    0.00%    passed     95.39%
  70  OPX64809.1        0.00%    passed     96.88%
  71  WP_176788527.1    0.00%    passed     93.14%
  72  MBC7121349.1      0.00%    passed     72.25%
  73  WP_084162320.1    0.00%    passed     47.30%
  74  RPG20169.1        0.00%    passed     65.57%
  75  QOI99236.1        0.00%    failed      4.73%
  76  WP_004287833.1    0.90%    failed      1.47%
  77  WP_071664074.1    0.60%    passed     13.55%
  78  WP_112869411.1    0.90%    passed     10.38%
  79  WP_178948187.1    0.30%    passed      6.05%
  80  WP_108652880.1    0.00%    passed     81.98%
  81  WP_122121242.1    1.79%    passed     15.10%
  82  WP_005644017.1    1.79%    passed     18.13%
  83  WP_122264717.1    0.00%    passed     17.73%
  84  WP_122364796.1    0.00%    passed     22.91%
  85  WP_011969943.1    0.00%    passed     82.67%
  86  aful_479863_NP    0.30%    passed     55.40%
  87  ckor_465210_YP    0.00%    passed     51.13%
  88  mtub_1230244_N    0.00%    failed      2.15%
  89  MBA2791197.1      0.00%    failed      2.15%
  90  WP_085248798.1    0.00%    failed      3.10%
  91  WP_191498286.1    0.00%    passed     13.65%
  92  WP_173130715.1    0.60%    failed      0.18%
  93  WP_085079753.1    0.00%    failed      0.13%
  94  WP_159544687.1    0.00%    failed      0.00%
  95  WP_063470902.1    0.00%    failed      0.46%
  96  WP_011265757.1    0.00%    passed     89.47%
  97  WP_052295347.1    0.00%    passed     96.31%
  98  TXT56063.1Ars     0.00%    passed     61.31%
  99  MBD3406544.1      0.00%    passed     93.73%
 100  NHI89807.1        0.00%    passed     90.08%
 101  NWF95924.1        0.00%    passed     84.64%
 102  RDE17616.1        0.00%    passed     83.15%
 103  TET31419.1        0.00%    passed     98.93%
 104  NOR90771.1        0.00%    passed     99.51%
 105  MBI5080305.1      0.00%    passed     95.84%
 106  HGG51418.1        0.00%    passed     91.01%
 107  PWH19508.1        0.00%    passed     92.88%
 108  MBI5877704.1      0.00%    passed     95.54%
 109  NPV67851.1        0.00%    passed     59.64%
 110  HDX75499.1        0.00%    passed     77.94%
 111  NLF78877.1        0.00%    passed     56.97%
 112  WP_048088491.1    0.00%    passed     99.63%
 113  NJD78804.1        0.00%    passed     94.81%
 114  WP_097297520.1    0.00%    passed     78.00%
 115  WP_014405557.1    0.00%    passed     99.74%
 116  WP_174591287.1    0.00%    passed     98.85%
 117  HID26704.1        0.00%    passed     46.31%
 118  HGE41024.1        0.60%    passed     94.77%
 119  HGB31979.1        0.00%    passed     65.50%
 120  HGV82128.1        0.00%    passed     68.55%
 121  HGI34192.1        0.00%    passed     72.86%
 122  HIG99921.1       16.42%    passed     64.78%
 123  HDP97009.1        0.00%    passed     66.09%
 124  HGC33651.1        0.00%    passed     96.66%
 125  HGU89346.1        0.00%    passed     50.67%
 126  HGI12299.1        0.00%    passed     71.22%
 127  RLI78271.1        0.00%    passed     36.09%
 128  OLS20010.1        0.00%    failed      4.03%
 129  NNN12847.1        0.00%    passed     77.36%
 130  GAQ91548.1hyp     1.19%    passed     75.47%
 131  GAQ89538.1ars     0.90%    passed     65.87%
 132  cneo_1100666_C    0.30%    passed     95.38%
 133  cneg_3200938_C    0.30%    passed     99.34%
 134  zcci_2549746_C    0.00%    passed     99.80%
 135  pchr_558805_e_    0.90%    passed     76.35%
 136  lbic_2147511_e    5.37%    passed     97.36%
 137  zspu_1545027_S    0.00%    passed     74.94%
 138  XP_007337590.1    0.00%    passed      5.48%
 139  cimm_745758_CI    0.00%    passed     98.75%
 140  cpos_2535183_C    0.00%    passed     96.46%
 141  aory_2998725_A    0.00%    passed     97.07%
 142  afum_23850_Afu    0.00%    passed     97.15%
 143  afum_29545_Afu    0.00%    passed     98.54%
 144  gzea_3313625_F    0.00%    passed     95.43%
 145  ncra_3394954_N    0.00%    passed     92.68%
 146  afum_24324_Afu    8.96%    passed     86.63%
 147  anid_3498273_A   11.04%    passed     70.55%
 148  ylip_1733727_X    0.00%    passed     95.88%
 149  OLY84248.1Ars    67.16%    passed     37.79%
 150  TMW55863.1hyp     0.30%    passed     36.53%
 151  TMW55864.1hyp     0.30%    passed     22.31%
 152  KAF1329318.1A     0.30%    passed     36.88%
 153  KAF1329318.1      0.30%    passed     36.88%
 154  TYZ57166.1hyp     0.30%    passed     30.05%
 155  pram_3825757_f    0.30%    passed     52.42%
 156  XP_009524753.1    0.30%    passed     40.78%
 157  XP_002903965.1    0.30%    passed     16.02%
 158  RLN79057.1        0.30%    passed     98.40%
 159  GAY02323.1        1.49%    passed     79.70%
 160  KAF1324332.1A     0.30%    passed     12.15%
 161  KAF1336103.1A     0.30%    passed     14.44%
 162  KAF1336103.1      0.30%    passed     14.44%
 163  XP_009520290.1    7.16%    failed      3.28%
 164  RLN13968.1        0.30%    passed     13.85%
 165  TYZ57419.1hyp     0.30%    failed      0.04%
 166  TYZ57419.1        0.30%    failed      0.04%
 167  XP_005854421.1    0.30%    passed     93.22%
 168  TFJ81913.1        0.30%    passed     92.20%
 169  QDZ21859.1ars     0.30%    passed     86.82%
 170  QDZ21859.1        0.30%    passed     86.82%
 171  QDZ21860.1ars     0.30%    passed     70.31%
 172  QDZ21860.1        0.30%    passed     70.31%
 173  XP_014144187.1   37.31%    passed     84.82%
 174  XP_014150035.1    0.60%    passed     95.23%
 175  zsar_3987589_S    0.60%    passed     95.23%
 176  XP_014154170.1    0.60%    passed     88.11%
 177  zsar_3983927_S    0.60%    passed     88.11%
 178  XP_014159388.1    0.60%    passed     96.04%
 179  zsar_3979199_S    0.60%    passed     96.04%
 180  zamo_1213084_A    0.00%    passed     99.07%
 181  scer_3216320_s    0.00%    passed      7.27%
 182  NP_015527.1       0.00%    passed      7.27%
 183  klac_3802461_X    0.00%    failed      0.00%
 184  psti_641437_XP    0.00%    passed     71.73%
 185  dhan_3082809_X    0.00%    passed     14.42%
 186  XP_001481996.1    1.79%    passed     98.15%
 187  OLP79164.1Ars     1.49%    passed     63.14%
 188  CAE7838167.1a     5.67%    passed     65.63%
 189  CAE7689342.1a     1.49%    passed     89.59%
 190  KAA0149860.1h     1.49%    passed      5.64%
 191  KAA0156983.1      1.49%    passed      6.10%
 192  KAA0175057.1      1.49%    passed      6.10%
 193  AOS77743pepc      1.49%    failed      0.21%
 194  WP_027996623.1    2.39%    passed     16.26%
 195  MBB67063.1        2.39%    passed     87.01%
 196  WP_159532870.1    2.39%    passed     88.59%
 197  WP_129739918.1    2.39%    passed     85.46%
 198  WP_062088070.1    2.39%    passed     84.67%
 199  WP_057789839.1    2.39%    passed     76.23%
 200  ABB57968pepc      0.60%    failed      0.35%
 201  ABS35787pepc      0.00%    passed     27.89%
 202  WP_012860765.1    0.00%    failed      4.06%
 203  WP_012158972.1    0.00%    passed     94.18%
 204  WP_012063033.1    0.00%    passed     62.76%
 205  WP_013606418.1    0.00%    passed     32.33%
 206  WP_015009206.1    0.00%    passed     31.61%
 207  WP_013387239.1    0.00%    failed      4.35%
 208  WP_028855836.1    0.00%    passed      9.27%
 209  WP_014454721.1    0.00%    passed     85.85%
 210  PKN59857.1        0.90%    passed     93.77%
 211  RJQ53711.1        0.00%    passed     94.68%
 212  MBE0417323.1      0.90%    passed     35.11%
 213  MBF4509702.1      0.00%    passed     57.64%
 214  PKQ30255.1        0.90%    passed     75.48%
 215  WP_048165604.1    0.00%    passed     62.01%
 216  WP_048147808.1    0.00%    passed     86.31%
 217  WP_011249793.1    0.00%    passed     58.89%
 218  WP_012066488.1    0.30%    failed      2.19%
 219  WP_051240790.1    1.49%    failed      1.32%
 220  WP_035418296.1    1.49%    passed     43.29%
 221  bmal_2365278_Y    0.90%    passed     56.25%
 222  WP_028875410.1    0.60%    passed      7.29%
 223  atum_3086052_N    1.19%    passed     80.67%
 224  AHK03751peps      1.19%    passed     87.04%
 225  BAI95260peps      0.30%    passed     36.46%
 226  ADI28870pepc      0.90%    passed     38.57%
 227  WP_013565430.1    0.00%    passed     50.59%
 228  ELP30740peps      0.00%    passed     61.46%
 229  rbal_1316734_N    0.00%    passed     63.34%
 230  WP_040352034.1    0.00%    passed     79.21%
 231  WP_128693404.1    0.00%    passed     68.73%
 232  WP_004078577.1    0.00%    passed     99.35%
 233  KIF20598peps      0.00%    passed     97.36%
 234  AFY66249pepc      0.00%    passed     99.51%
 235  AFZ30434pepc      0.00%    passed     97.65%
 236  AFY79078pepc      0.00%    passed     98.19%
 237  WP_015192235.1    0.00%    passed     72.54%
 238  WP_017295346.1    0.00%    passed     66.55%
 239  WP_011430548.1    0.00%    passed     93.74%
 240  MQY68041.1ACR     0.00%    passed     26.67%
 241  KNE62820peps      0.00%    failed      1.94%
 242  KNE61824peps      0.00%    passed      7.83%
 243  XP_012197629.1    0.00%    passed     61.47%
 244  XP_012211866.1    5.37%    passed     42.73%
 245  XP_008611289.1    0.00%    passed     69.68%
 246  OQS07268.1        0.00%    passed     53.66%
 247  OQR82136.1        0.00%    passed     52.60%
 248  KAF0686578.1      8.06%    passed     52.86%
 249  XP_008871087.1    0.30%    passed     74.49%
 250  XP_009831010.1    0.30%    passed      7.72%
 251  RQM27749.1        0.30%    passed      7.72%
 252  KAF0754300.1      0.30%    passed     10.42%
 253  RHY92155.1        0.30%    passed     11.39%
 254  KAF0723362.1      0.30%    passed     86.81%
 255  ORZ36093.1        0.00%    passed     66.25%
 256  ORZ29728.1        0.00%    passed     70.80%
 257  OON06541.1        0.00%    passed     22.87%
 258  CAE8582419.1u     0.00%    passed     78.46%
 259  zcfr_1030651_c    0.30%    passed     42.52%
 260  zanc_2522754_A   18.21%    passed     34.30%
 261  zcop_1012144_C    0.00%    passed     72.00%
 262  zfci_2944053_c    2.99%    passed     20.84%
 263  mbre_2981069_f    0.30%    passed     23.89%
 264  XP_001743164.1    0.30%    passed     23.89%
 265  zsch_1849138_S    2.09%    failed      4.59%
 266  zsch_1855336_S    2.99%    passed      9.87%
 267  zttr_1312381_T    3.28%    passed     10.64%
 268  zrra_732987_Ri   35.22%    passed     55.79%
 269  zpes_628436_Pe   14.33%    passed     81.38%
 270  TKJ18067.1ars     0.00%    failed      3.00%
 271  TES94658.1        0.00%    failed      4.57%
 272  NHJ21352.1        0.00%    failed      0.37%
 273  MBD3196119.1      0.30%    failed      2.81%
 274  TFG12654.1        0.00%    passed     37.58%
 275  TET09371.1        0.00%    passed     78.70%
 276  PWI48505.1        0.00%    failed      4.82%
 277  TKJ20102.1hyp     0.00%    passed     22.48%
 278  OLS17592.1hyp     2.99%    passed     91.93%
 279  TET12065.1        2.99%    passed     72.21%
 280  HGD34962.1        2.99%    passed     63.62%
 281  NWG09302.1        2.99%    passed     64.60%
 282  PWI48112.1        2.99%    passed     64.06%
 283  HFT99141.1        2.99%    passed     97.36%
 284  WP_015192572.1    4.78%    failed      2.64%
 285  WP_015194822.1    6.27%    passed     13.17%
 286  bant_2604221_Y    4.48%    passed     16.30%
 287  msmi_504966_YP   18.81%    failed      0.00%
 288  WP_048090899.1    7.16%    passed      7.61%
 289  WP_084593876.1    2.69%    failed      1.70%
 290  AGB04324pepc      4.78%    failed      0.00%
 291  WP_088857611.1    4.78%    failed      1.58%
 292  KIF15986peps      5.07%    passed     30.43%
 293  WP_011361454.1    5.07%    passed     24.61%
 294  hwal_3222288_Y    4.48%    passed     17.16%
 295  OLS18497.1hyp     5.07%    failed      0.09%
 296  WP_068324389.1    4.48%    passed     10.76%
 297  WP_062374232.1    4.48%    passed      9.09%
 298  WP_088866620.1    4.18%    passed     15.69%
 299  RLF86514.1        4.18%    passed      6.28%
 300  WP_048147792.1    4.18%    passed     28.65%
 301  WP_088856972.1    4.48%    passed     45.16%
 302  WP_010884980.1    4.18%    failed      0.64%
WARNING: 1 sequences contain more than 50% gaps/ambiguity
****  TOTAL             1.57%  35 sequences failed composition chi2 test (p-value<5%; df=19)
Reading constraint tree /home/fernando/GMR/edited_tree_G1G3.constr3...
NOTE: OZJ05479.1 is identical to OZJ05479.1hyp but kept for subsequent analysis
NOTE: XP_024362327.1 is identical to ppat_347918_fg but kept for subsequent analysis
NOTE: KAG0603524.1 is identical to KAG0559408.1 but kept for subsequent analysis
NOTE: WP_150111645.1 is identical to AFZ05754pepc but kept for subsequent analysis
NOTE: AEU39025.1 is identical to WP_150110722.1 but kept for subsequent analysis
NOTE: MBA2791197.1 is identical to mtub_1230244_N but kept for subsequent analysis
NOTE: KAF1329318.1 is identical to KAF1329318.1A but kept for subsequent analysis
NOTE: KAF1336103.1 is identical to KAF1336103.1A but kept for subsequent analysis
NOTE: TYZ57419.1 is identical to TYZ57419.1hyp but kept for subsequent analysis
NOTE: QDZ21859.1 is identical to QDZ21859.1ars but kept for subsequent analysis
NOTE: QDZ21860.1 is identical to QDZ21860.1ars but kept for subsequent analysis
NOTE: zsar_3987589_S is identical to XP_014150035.1 but kept for subsequent analysis
NOTE: zsar_3983927_S is identical to XP_014154170.1 but kept for subsequent analysis
NOTE: zsar_3979199_S is identical to XP_014159388.1 but kept for subsequent analysis
NOTE: NP_015527.1 is identical to scer_3216320_s but kept for subsequent analysis
NOTE: RQM27749.1 is identical to XP_009831010.1 but kept for subsequent analysis
NOTE: XP_001743164.1 is identical to mbre_2981069_f but kept for subsequent analysis
Creating fast initial parsimony tree by random order stepwise addition...
6999.278 seconds, parsimony score: 17556 (based on 334 sites)

NOTE: 132 MB RAM (0 GB) is required!
Estimate model parameters (epsilon = 0.100)
1. Initial log-likelihood: -83870.474
2. Current log-likelihood: -82816.378
3. Current log-likelihood: -82804.372
4. Current log-likelihood: -82800.045
5. Current log-likelihood: -82797.767
6. Current log-likelihood: -82796.499
7. Current log-likelihood: -82795.639
8. Current log-likelihood: -82795.239
9. Current log-likelihood: -82794.886
10. Current log-likelihood: -82794.538
11. Current log-likelihood: -82794.189
12. Current log-likelihood: -82793.811
13. Current log-likelihood: -82793.327
14. Current log-likelihood: -82792.698
15. Current log-likelihood: -82792.132
16. Current log-likelihood: -82791.834
17. Current log-likelihood: -82791.711
Optimal log-likelihood: -82791.645
Site proportion and rates:  (0.135,0.089) (0.214,0.270) (0.158,0.535) (0.153,0.867) (0.101,1.325) (0.087,1.762) (0.104,2.394) (0.048,3.716)
Parameters optimization took 17 rounds (776.324 sec)
--------------------------------------------------------------------
|             INITIALIZING CANDIDATE TREE SET                      |
--------------------------------------------------------------------
Generating 99 parsimony trees... 59105.019 second
Computing log-likelihood of 99 initial trees ... 935.412 seconds
Current best score: -82664.107

Do NNI search on 20 best initial trees
Estimate model parameters (epsilon = 0.100)
BETTER TREE FOUND at iteration 1: -82381.999
Estimate model parameters (epsilon = 0.100)
BETTER TREE FOUND at iteration 2: -82303.932
Estimate model parameters (epsilon = 0.100)
BETTER TREE FOUND at iteration 9: -82298.044
Iteration 10 / LogL: -82327.601 / Time: 19h:6m:15s
Iteration 20 / LogL: -82338.181 / Time: 19h:19m:26s
Finish initializing candidate tree set (20)
Current best tree score: -82298.044 / CPU time: 61790.713
Number of iterations: 20
--------------------------------------------------------------------
|               OPTIMIZING CANDIDATE TREE SET                      |
--------------------------------------------------------------------
Estimate model parameters (epsilon = 0.100)
BETTER TREE FOUND at iteration 26: -82295.869
Estimate model parameters (epsilon = 0.100)
BETTER TREE FOUND at iteration 28: -82279.960
Iteration 30 / LogL: -82301.307 / Time: 19h:38m:33s (59h:48m:30s left)
Estimate model parameters (epsilon = 0.100)
BETTER TREE FOUND at iteration 37: -82265.058
Iteration 40 / LogL: -82289.414 / Time: 19h:56m:22s (44h:45m:26s left)
Estimate model parameters (epsilon = 0.100)
BETTER TREE FOUND at iteration 44: -82261.508
Iteration 50 / LogL: -82266.305 / Time: 20h:13m:40s (35h:4m:28s left)
Iteration 60 / LogL: -82281.707 / Time: 20h:29m:22s (26h:24m:12s left)
Estimate model parameters (epsilon = 0.100)
BETTER TREE FOUND at iteration 64: -82260.653
Iteration 70 / LogL: -82261.411 / Time: 20h:45m:39s (25h:38m:2s left)
Estimate model parameters (epsilon = 0.100)
BETTER TREE FOUND at iteration 71: -82260.279
Estimate model parameters (epsilon = 0.100)
BETTER TREE FOUND at iteration 72: -82257.935
Iteration 80 / LogL: -82259.423 / Time: 21h:3m:15s (22h:15m:17s left)
Iteration 90 / LogL: -82260.394 / Time: 21h:18m:40s (17h:50m:37s left)
Estimate model parameters (epsilon = 0.100)
BETTER TREE FOUND at iteration 98: -82255.701
Iteration 100 / LogL: -82364.326 / Time: 21h:35m:3s (19h:26m:29s left)
Iteration 110 / LogL: -82277.879 / Time: 21h:49m:27s (16h:2m:59s left)
Iteration 120 / LogL: -82277.325 / Time: 22h:5m:14s (13h:12m:10s left)
Iteration 130 / LogL: -82274.519 / Time: 22h:21m:23s (10h:45m:35s left)
Iteration 140 / LogL: -82255.872 / Time: 22h:37m:6s (8h:37m:35s left)
Iteration 150 / LogL: -82288.848 / Time: 22h:53m:29s (6h:44m:53s left)
Estimate model parameters (epsilon = 0.100)
BETTER TREE FOUND at iteration 159: -82255.129
Iteration 160 / LogL: -82279.063 / Time: 23h:9m:37s (13h:12m:35s left)
Estimate model parameters (epsilon = 0.100)
BETTER TREE FOUND at iteration 164: -82254.639
Iteration 170 / LogL: -82267.425 / Time: 23h:27m:9s (11h:57m:47s left)
Iteration 180 / LogL: -82256.160 / Time: 23h:42m:7s (10h:12m:37s left)
Iteration 190 / LogL: -82268.062 / Time: 23h:57m:30s (8h:37m:9s left)

******************************************************
CHECKPOINT: Resuming analysis from /home/fernando/GMR/ACR3.constr3.ckp.gz

IQ-TREE multicore version 1.6.12 for Linux 64-bit built Aug 15 2019
Developed by Bui Quang Minh, Nguyen Lam Tung, Olga Chernomor,
Heiko Schmidt, Dominik Schrempf, Michael Woodhams.

Host:    darwin (SSE4.2, 1385 GB RAM)
Command: /home/fernando/GMR/iqtree-1.6.12-Linux/bin/iqtree -s /home/fernando/GMR/ACR3_homologs_RiddedSeqs_v09b_MAFFT_80trim -m LG+R8 -g /home/fernando/GMR/edited_tree_G1G3.constr3 -pre /home/fernando/GMR/ACR3.constr3 -nt 10
Seed:    153503 (Using SPRNG - Scalable Parallel Random Number Generator)
Time:    Sun Apr  4 09:39:26 2021
Kernel:  SSE2 - 10 threads (160 CPU cores detected)

Reading alignment file /home/fernando/GMR/ACR3_homologs_RiddedSeqs_v09b_MAFFT_80trim ... Fasta format detected
Alignment most likely contains protein sequences
Alignment has 302 sequences with 335 columns, 335 distinct patterns
333 parsimony-informative, 1 singleton sites, 1 constant sites
                Gap/Ambiguity  Composition  p-value
   1  KIM20534.1hyp    25.67%    passed     54.79%
   2  KIM29306.1hyp     0.30%    passed     94.75%
   3  SCZ95398.1BZ3     0.30%    passed     73.07%
   4  XP_018271128.1    0.30%    passed     89.09%
   5  OZJ05479.1hyp     0.00%    passed     10.03%
   6  OZJ05479.1        0.00%    passed     10.03%
   7  XP_023467865.1    0.30%    passed      7.54%
   8  EIE81102peps      5.67%    passed      7.75%
   9  ORY98213.1        0.00%    passed     87.71%
  10  CDH56925.1        0.00%    passed     38.96%
  11  SAL96906.1        0.00%    passed     62.01%
  12  RUP45472.1ars     0.00%    passed     94.57%
  13  RUP45473.1sod     0.00%    passed     87.78%
  14  GBF99582.1        0.00%    failed      0.09%
  15  XP_005649016.1    0.00%    passed     98.55%
  16  ppat_347918_fg    0.90%    passed     93.18%
  17  XP_024362327.1    0.90%    passed     93.18%
  18  KAG0559408.1      0.90%    passed     99.35%
  19  KAG0603524.1      0.90%    passed     99.35%
  20  OAE35577.1        0.00%    passed     93.11%
  21  ACN65413.1        0.30%    passed     90.96%
  22  ADE76924.1        0.60%    passed     97.21%
  23  XP_024531516.1    0.00%    passed     70.61%
  24  ctep_1715393_N    0.00%    passed     98.34%
  25  WP_020676700.1    0.00%    passed     98.77%
  26  WP_144971526.1    0.00%    passed     95.62%
  27  gsul_581855_NP    0.00%    passed     84.41%
  28  WP_012530783.1    0.00%    passed     82.06%
  29  WP_014435320.1    0.00%    passed     76.98%
  30  HFD38670.1        0.00%    passed     75.32%
  31  AFZ05754pepc      0.00%    passed     93.71%
  32  WP_150111645.1    0.00%    passed     93.71%
  33  HBL00108.1        0.00%    passed     98.46%
  34  WP_017316582.1    0.00%    passed     92.46%
  35  WP_041042097.1    0.00%    passed     71.84%
  36  HGX99137.1        0.60%    passed     74.52%
  37  WP_146562952.1    0.00%    passed     25.53%
  38  WP_145248711.1    0.00%    passed     75.37%
  39  WP_013559282.1    0.00%    passed     82.56%
  40  OGN93387.1        0.30%    passed     94.36%
  41  bant_2607054_Y    0.00%    passed     37.28%
  42  NP_390456.2       0.00%    passed     49.77%
  43  lcl_NZ_CP01433    0.00%    passed     91.68%
  44  WP_059435897.1    0.00%    passed     36.67%
  45  OFX19853.1        0.00%    passed     78.77%
  46  MBK7581602.1      0.00%    passed     96.23%
  47  HEB02023.1        0.00%    passed     84.02%
  48  BAF58833.1ars     0.00%    passed     54.91%
  49  TDF69387.1        0.00%    passed     53.05%
  50  ATW23609.1        0.00%    passed     46.82%
  51  WP_052218417.1    0.00%    passed     95.36%
  52  WP_135378148.1    0.00%    passed     39.87%
  53  WP_110129476.1    0.00%    passed     51.84%
  54  NIP78165.1        0.00%    passed     46.40%
  55  NNM06376.1        0.00%    passed     97.68%
  56  WP_182277433.1    0.00%    passed     78.19%
  57  WP_150110722.1    0.00%    passed     91.76%
  58  AEU39025.1        0.00%    passed     91.76%
  59  WP_131998669.1    0.00%    passed     88.34%
  60  WP_018478211.1    0.00%    passed     77.77%
  61  OJW32113.1        0.00%    passed     60.32%
  62  RYY87559.1        0.00%    passed     83.03%
  63  RYD85270.1        0.00%    passed     92.48%
  64  NTD97469.1        0.00%    passed     55.77%
  65  WP_132535095.1    0.00%    passed     63.99%
  66  WP_012899435.1    0.00%    passed     64.17%
  67  WP_014865921.1    0.00%    passed     63.21%
  68  PKL63902.1        0.00%    passed     87.82%
  69  WP_004078590.1    0.00%    passed     95.39%
  70  OPX64809.1        0.00%    passed     96.88%
  71  WP_176788527.1    0.00%    passed     93.14%
  72  MBC7121349.1      0.00%    passed     72.25%
  73  WP_084162320.1    0.00%    passed     47.30%
  74  RPG20169.1        0.00%    passed     65.57%
  75  QOI99236.1        0.00%    failed      4.73%
  76  WP_004287833.1    0.90%    failed      1.47%
  77  WP_071664074.1    0.60%    passed     13.55%
  78  WP_112869411.1    0.90%    passed     10.38%
  79  WP_178948187.1    0.30%    passed      6.05%
  80  WP_108652880.1    0.00%    passed     81.98%
  81  WP_122121242.1    1.79%    passed     15.10%
  82  WP_005644017.1    1.79%    passed     18.13%
  83  WP_122264717.1    0.00%    passed     17.73%
  84  WP_122364796.1    0.00%    passed     22.91%
  85  WP_011969943.1    0.00%    passed     82.67%
  86  aful_479863_NP    0.30%    passed     55.40%
  87  ckor_465210_YP    0.00%    passed     51.13%
  88  mtub_1230244_N    0.00%    failed      2.15%
  89  MBA2791197.1      0.00%    failed      2.15%
  90  WP_085248798.1    0.00%    failed      3.10%
  91  WP_191498286.1    0.00%    passed     13.65%
  92  WP_173130715.1    0.60%    failed      0.18%
  93  WP_085079753.1    0.00%    failed      0.13%
  94  WP_159544687.1    0.00%    failed      0.00%
  95  WP_063470902.1    0.00%    failed      0.46%
  96  WP_011265757.1    0.00%    passed     89.47%
  97  WP_052295347.1    0.00%    passed     96.31%
  98  TXT56063.1Ars     0.00%    passed     61.31%
  99  MBD3406544.1      0.00%    passed     93.73%
 100  NHI89807.1        0.00%    passed     90.08%
 101  NWF95924.1        0.00%    passed     84.64%
 102  RDE17616.1        0.00%    passed     83.15%
 103  TET31419.1        0.00%    passed     98.93%
 104  NOR90771.1        0.00%    passed     99.51%
 105  MBI5080305.1      0.00%    passed     95.84%
 106  HGG51418.1        0.00%    passed     91.01%
 107  PWH19508.1        0.00%    passed     92.88%
 108  MBI5877704.1      0.00%    passed     95.54%
 109  NPV67851.1        0.00%    passed     59.64%
 110  HDX75499.1        0.00%    passed     77.94%
 111  NLF78877.1        0.00%    passed     56.97%
 112  WP_048088491.1    0.00%    passed     99.63%
 113  NJD78804.1        0.00%    passed     94.81%
 114  WP_097297520.1    0.00%    passed     78.00%
 115  WP_014405557.1    0.00%    passed     99.74%
 116  WP_174591287.1    0.00%    passed     98.85%
 117  HID26704.1        0.00%    passed     46.31%
 118  HGE41024.1        0.60%    passed     94.77%
 119  HGB31979.1        0.00%    passed     65.50%
 120  HGV82128.1        0.00%    passed     68.55%
 121  HGI34192.1        0.00%    passed     72.86%
 122  HIG99921.1       16.42%    passed     64.78%
 123  HDP97009.1        0.00%    passed     66.09%
 124  HGC33651.1        0.00%    passed     96.66%
 125  HGU89346.1        0.00%    passed     50.67%
 126  HGI12299.1        0.00%    passed     71.22%
 127  RLI78271.1        0.00%    passed     36.09%
 128  OLS20010.1        0.00%    failed      4.03%
 129  NNN12847.1        0.00%    passed     77.36%
 130  GAQ91548.1hyp     1.19%    passed     75.47%
 131  GAQ89538.1ars     0.90%    passed     65.87%
 132  cneo_1100666_C    0.30%    passed     95.38%
 133  cneg_3200938_C    0.30%    passed     99.34%
 134  zcci_2549746_C    0.00%    passed     99.80%
 135  pchr_558805_e_    0.90%    passed     76.35%
 136  lbic_2147511_e    5.37%    passed     97.36%
 137  zspu_1545027_S    0.00%    passed     74.94%
 138  XP_007337590.1    0.00%    passed      5.48%
 139  cimm_745758_CI    0.00%    passed     98.75%
 140  cpos_2535183_C    0.00%    passed     96.46%
 141  aory_2998725_A    0.00%    passed     97.07%
 142  afum_23850_Afu    0.00%    passed     97.15%
 143  afum_29545_Afu    0.00%    passed     98.54%
 144  gzea_3313625_F    0.00%    passed     95.43%
 145  ncra_3394954_N    0.00%    passed     92.68%
 146  afum_24324_Afu    8.96%    passed     86.63%
 147  anid_3498273_A   11.04%    passed     70.55%
 148  ylip_1733727_X    0.00%    passed     95.88%
 149  OLY84248.1Ars    67.16%    passed     37.79%
 150  TMW55863.1hyp     0.30%    passed     36.53%
 151  TMW55864.1hyp     0.30%    passed     22.31%
 152  KAF1329318.1A     0.30%    passed     36.88%
 153  KAF1329318.1      0.30%    passed     36.88%
 154  TYZ57166.1hyp     0.30%    passed     30.05%
 155  pram_3825757_f    0.30%    passed     52.42%
 156  XP_009524753.1    0.30%    passed     40.78%
 157  XP_002903965.1    0.30%    passed     16.02%
 158  RLN79057.1        0.30%    passed     98.40%
 159  GAY02323.1        1.49%    passed     79.70%
 160  KAF1324332.1A     0.30%    passed     12.15%
 161  KAF1336103.1A     0.30%    passed     14.44%
 162  KAF1336103.1      0.30%    passed     14.44%
 163  XP_009520290.1    7.16%    failed      3.28%
 164  RLN13968.1        0.30%    passed     13.85%
 165  TYZ57419.1hyp     0.30%    failed      0.04%
 166  TYZ57419.1        0.30%    failed      0.04%
 167  XP_005854421.1    0.30%    passed     93.22%
 168  TFJ81913.1        0.30%    passed     92.20%
 169  QDZ21859.1ars     0.30%    passed     86.82%
 170  QDZ21859.1        0.30%    passed     86.82%
 171  QDZ21860.1ars     0.30%    passed     70.31%
 172  QDZ21860.1        0.30%    passed     70.31%
 173  XP_014144187.1   37.31%    passed     84.82%
 174  XP_014150035.1    0.60%    passed     95.23%
 175  zsar_3987589_S    0.60%    passed     95.23%
 176  XP_014154170.1    0.60%    passed     88.11%
 177  zsar_3983927_S    0.60%    passed     88.11%
 178  XP_014159388.1    0.60%    passed     96.04%
 179  zsar_3979199_S    0.60%    passed     96.04%
 180  zamo_1213084_A    0.00%    passed     99.07%
 181  scer_3216320_s    0.00%    passed      7.27%
 182  NP_015527.1       0.00%    passed      7.27%
 183  klac_3802461_X    0.00%    failed      0.00%
 184  psti_641437_XP    0.00%    passed     71.73%
 185  dhan_3082809_X    0.00%    passed     14.42%
 186  XP_001481996.1    1.79%    passed     98.15%
 187  OLP79164.1Ars     1.49%    passed     63.14%
 188  CAE7838167.1a     5.67%    passed     65.63%
 189  CAE7689342.1a     1.49%    passed     89.59%
 190  KAA0149860.1h     1.49%    passed      5.64%
 191  KAA0156983.1      1.49%    passed      6.10%
 192  KAA0175057.1      1.49%    passed      6.10%
 193  AOS77743pepc      1.49%    failed      0.21%
 194  WP_027996623.1    2.39%    passed     16.26%
 195  MBB67063.1        2.39%    passed     87.01%
 196  WP_159532870.1    2.39%    passed     88.59%
 197  WP_129739918.1    2.39%    passed     85.46%
 198  WP_062088070.1    2.39%    passed     84.67%
 199  WP_057789839.1    2.39%    passed     76.23%
 200  ABB57968pepc      0.60%    failed      0.35%
 201  ABS35787pepc      0.00%    passed     27.89%
 202  WP_012860765.1    0.00%    failed      4.06%
 203  WP_012158972.1    0.00%    passed     94.18%
 204  WP_012063033.1    0.00%    passed     62.76%
 205  WP_013606418.1    0.00%    passed     32.33%
 206  WP_015009206.1    0.00%    passed     31.61%
 207  WP_013387239.1    0.00%    failed      4.35%
 208  WP_028855836.1    0.00%    passed      9.27%
 209  WP_014454721.1    0.00%    passed     85.85%
 210  PKN59857.1        0.90%    passed     93.77%
 211  RJQ53711.1        0.00%    passed     94.68%
 212  MBE0417323.1      0.90%    passed     35.11%
 213  MBF4509702.1      0.00%    passed     57.64%
 214  PKQ30255.1        0.90%    passed     75.48%
 215  WP_048165604.1    0.00%    passed     62.01%
 216  WP_048147808.1    0.00%    passed     86.31%
 217  WP_011249793.1    0.00%    passed     58.89%
 218  WP_012066488.1    0.30%    failed      2.19%
 219  WP_051240790.1    1.49%    failed      1.32%
 220  WP_035418296.1    1.49%    passed     43.29%
 221  bmal_2365278_Y    0.90%    passed     56.25%
 222  WP_028875410.1    0.60%    passed      7.29%
 223  atum_3086052_N    1.19%    passed     80.67%
 224  AHK03751peps      1.19%    passed     87.04%
 225  BAI95260peps      0.30%    passed     36.46%
 226  ADI28870pepc      0.90%    passed     38.57%
 227  WP_013565430.1    0.00%    passed     50.59%
 228  ELP30740peps      0.00%    passed     61.46%
 229  rbal_1316734_N    0.00%    passed     63.34%
 230  WP_040352034.1    0.00%    passed     79.21%
 231  WP_128693404.1    0.00%    passed     68.73%
 232  WP_004078577.1    0.00%    passed     99.35%
 233  KIF20598peps      0.00%    passed     97.36%
 234  AFY66249pepc      0.00%    passed     99.51%
 235  AFZ30434pepc      0.00%    passed     97.65%
 236  AFY79078pepc      0.00%    passed     98.19%
 237  WP_015192235.1    0.00%    passed     72.54%
 238  WP_017295346.1    0.00%    passed     66.55%
 239  WP_011430548.1    0.00%    passed     93.74%
 240  MQY68041.1ACR     0.00%    passed     26.67%
 241  KNE62820peps      0.00%    failed      1.94%
 242  KNE61824peps      0.00%    passed      7.83%
 243  XP_012197629.1    0.00%    passed     61.47%
 244  XP_012211866.1    5.37%    passed     42.73%
 245  XP_008611289.1    0.00%    passed     69.68%
 246  OQS07268.1        0.00%    passed     53.66%
 247  OQR82136.1        0.00%    passed     52.60%
 248  KAF0686578.1      8.06%    passed     52.86%
 249  XP_008871087.1    0.30%    passed     74.49%
 250  XP_009831010.1    0.30%    passed      7.72%
 251  RQM27749.1        0.30%    passed      7.72%
 252  KAF0754300.1      0.30%    passed     10.42%
 253  RHY92155.1        0.30%    passed     11.39%
 254  KAF0723362.1      0.30%    passed     86.81%
 255  ORZ36093.1        0.00%    passed     66.25%
 256  ORZ29728.1        0.00%    passed     70.80%
 257  OON06541.1        0.00%    passed     22.87%
 258  CAE8582419.1u     0.00%    passed     78.46%
 259  zcfr_1030651_c    0.30%    passed     42.52%
 260  zanc_2522754_A   18.21%    passed     34.30%
 261  zcop_1012144_C    0.00%    passed     72.00%
 262  zfci_2944053_c    2.99%    passed     20.84%
 263  mbre_2981069_f    0.30%    passed     23.89%
 264  XP_001743164.1    0.30%    passed     23.89%
 265  zsch_1849138_S    2.09%    failed      4.59%
 266  zsch_1855336_S    2.99%    passed      9.87%
 267  zttr_1312381_T    3.28%    passed     10.64%
 268  zrra_732987_Ri   35.22%    passed     55.79%
 269  zpes_628436_Pe   14.33%    passed     81.38%
 270  TKJ18067.1ars     0.00%    failed      3.00%
 271  TES94658.1        0.00%    failed      4.57%
 272  NHJ21352.1        0.00%    failed      0.37%
 273  MBD3196119.1      0.30%    failed      2.81%
 274  TFG12654.1        0.00%    passed     37.58%
 275  TET09371.1        0.00%    passed     78.70%
 276  PWI48505.1        0.00%    failed      4.82%
 277  TKJ20102.1hyp     0.00%    passed     22.48%
 278  OLS17592.1hyp     2.99%    passed     91.93%
 279  TET12065.1        2.99%    passed     72.21%
 280  HGD34962.1        2.99%    passed     63.62%
 281  NWG09302.1        2.99%    passed     64.60%
 282  PWI48112.1        2.99%    passed     64.06%
 283  HFT99141.1        2.99%    passed     97.36%
 284  WP_015192572.1    4.78%    failed      2.64%
 285  WP_015194822.1    6.27%    passed     13.17%
 286  bant_2604221_Y    4.48%    passed     16.30%
 287  msmi_504966_YP   18.81%    failed      0.00%
 288  WP_048090899.1    7.16%    passed      7.61%
 289  WP_084593876.1    2.69%    failed      1.70%
 290  AGB04324pepc      4.78%    failed      0.00%
 291  WP_088857611.1    4.78%    failed      1.58%
 292  KIF15986peps      5.07%    passed     30.43%
 293  WP_011361454.1    5.07%    passed     24.61%
 294  hwal_3222288_Y    4.48%    passed     17.16%
 295  OLS18497.1hyp     5.07%    failed      0.09%
 296  WP_068324389.1    4.48%    passed     10.76%
 297  WP_062374232.1    4.48%    passed      9.09%
 298  WP_088866620.1    4.18%    passed     15.69%
 299  RLF86514.1        4.18%    passed      6.28%
 300  WP_048147792.1    4.18%    passed     28.65%
 301  WP_088856972.1    4.48%    passed     45.16%
 302  WP_010884980.1    4.18%    failed      0.64%
WARNING: 1 sequences contain more than 50% gaps/ambiguity
****  TOTAL             1.57%  35 sequences failed composition chi2 test (p-value<5%; df=19)
Reading constraint tree /home/fernando/GMR/edited_tree_G1G3.constr3...
NOTE: OZJ05479.1 is identical to OZJ05479.1hyp but kept for subsequent analysis
NOTE: XP_024362327.1 is identical to ppat_347918_fg but kept for subsequent analysis
NOTE: KAG0603524.1 is identical to KAG0559408.1 but kept for subsequent analysis
NOTE: WP_150111645.1 is identical to AFZ05754pepc but kept for subsequent analysis
NOTE: AEU39025.1 is identical to WP_150110722.1 but kept for subsequent analysis
NOTE: MBA2791197.1 is identical to mtub_1230244_N but kept for subsequent analysis
NOTE: KAF1329318.1 is identical to KAF1329318.1A but kept for subsequent analysis
NOTE: KAF1336103.1 is identical to KAF1336103.1A but kept for subsequent analysis
NOTE: TYZ57419.1 is identical to TYZ57419.1hyp but kept for subsequent analysis
NOTE: QDZ21859.1 is identical to QDZ21859.1ars but kept for subsequent analysis
NOTE: QDZ21860.1 is identical to QDZ21860.1ars but kept for subsequent analysis
NOTE: zsar_3987589_S is identical to XP_014150035.1 but kept for subsequent analysis
NOTE: zsar_3983927_S is identical to XP_014154170.1 but kept for subsequent analysis
NOTE: zsar_3979199_S is identical to XP_014159388.1 but kept for subsequent analysis
NOTE: NP_015527.1 is identical to scer_3216320_s but kept for subsequent analysis
NOTE: RQM27749.1 is identical to XP_009831010.1 but kept for subsequent analysis
NOTE: XP_001743164.1 is identical to mbre_2981069_f but kept for subsequent analysis

CHECKPOINT: Initial tree restored

NOTE: 132 MB RAM (0 GB) is required!
CHECKPOINT: Model parameters restored, LogL: -82254.639
--------------------------------------------------------------------
|             INITIALIZING CANDIDATE TREE SET                      |
--------------------------------------------------------------------
CHECKPOINT: Candidate tree set restored, best LogL: -82254.639
Finish initializing candidate tree set (20)
Current best tree score: -82254.639 / CPU time: 0.000
Number of iterations: 191
--------------------------------------------------------------------
|               OPTIMIZING CANDIDATE TREE SET                      |
--------------------------------------------------------------------
Iteration 200 / LogL: -82286.297 / Time: 0h:7m:44s (0h:2m:29s left)
Iteration 210 / LogL: -82262.884 / Time: 0h:16m:16s (0h:4m:12s left)
Iteration 220 / LogL: -82259.861 / Time: 0h:24m:37s (0h:4m:56s left)
Estimate model parameters (epsilon = 0.100)
BETTER TREE FOUND at iteration 225: -82252.960
Iteration 230 / LogL: -82256.876 / Time: 0h:33m:10s (0h:13m:45s left)
Iteration 240 / LogL: -82305.282 / Time: 0h:41m:6s (0h:14m:37s left)
Iteration 250 / LogL: -82400.481 / Time: 0h:48m:55s (0h:14m:44s left)
Iteration 260 / LogL: -82259.630 / Time: 0h:57m:7s (0h:14m:20s left)
Iteration 270 / LogL: -82266.165 / Time: 1h:5m:13s (0h:13m:20s left)
Iteration 280 / LogL: -82342.285 / Time: 1h:12m:57s (0h:11m:45s left)
Iteration 290 / LogL: -82262.180 / Time: 1h:20m:49s (0h:9m:47s left)
Iteration 300 / LogL: -82277.661 / Time: 1h:28m:43s (0h:7m:25s left)
Iteration 310 / LogL: -82256.990 / Time: 1h:36m:17s (0h:4m:40s left)
Iteration 320 / LogL: -82265.947 / Time: 1h:44m:12s (0h:1m:37s left)
TREE SEARCH COMPLETED AFTER 326 ITERATIONS / Time: 1h:49m:37s

--------------------------------------------------------------------
|                    FINALIZING TREE SEARCH                        |
--------------------------------------------------------------------
Performs final model parameters optimization
Estimate model parameters (epsilon = 0.010)
1. Initial log-likelihood: -82252.960
Optimal log-likelihood: -82252.958
Site proportion and rates:  (0.138,0.090) (0.211,0.271) (0.161,0.538) (0.155,0.863) (0.108,1.360) (0.078,1.778) (0.101,2.402) (0.049,3.728)
Parameters optimization took 1 rounds (13.373 sec)
BEST SCORE FOUND : -82252.958
Total tree length: 89.744

Total number of iterations: 326
CPU time used for tree search: 5319.128 sec (1h:28m:39s)
Wall-clock time used for tree search: 6576.430 sec (1h:49m:36s)
Total CPU time used: 5331.036 sec (1h:28m:51s)
Total wall-clock time used: 6590.731 sec (1h:49m:50s)

Analysis results written to: 
  IQ-TREE report:                /home/fernando/GMR/ACR3.constr3.iqtree
  Maximum-likelihood tree:       /home/fernando/GMR/ACR3.constr3.treefile
  Screen log file:               /home/fernando/GMR/ACR3.constr3.log

Date and Time: Sun Apr  4 11:29:17 2021
