IQ-TREE multicore version 1.6.10 for Mac OS X 64-bit built Feb 19 2019
Developed by Bui Quang Minh, Nguyen Lam Tung, Olga Chernomor,
Heiko Schmidt, Dominik Schrempf, Michael Woodhams.

Host:    MacBook-Air-de-Giulia.local (AVX2, FMA3, 4 GB RAM)
Command: /Users/giulia/iqtree-1.6.10-MacOSX/bin/iqtree -s ArsM_G2_MAFFT_80trim.fasta -m LG+I+G4 -z ArsM_G2.treefile.treels -n 0 -zb 10000 -au
Seed:    710881 (Using SPRNG - Scalable Parallel Random Number Generator)
Time:    Mon Apr 26 11:38:47 2021
Kernel:  AVX+FMA - 1 threads (4 CPU cores detected)

HINT: Use -nt option to specify number of threads because your CPU has 4 cores!
HINT: -nt AUTO will automatically determine the best number of threads to use.

Reading alignment file ArsM_G2_MAFFT_80trim.fasta ... Fasta format detected
Alignment most likely contains protein sequences
Alignment has 241 sequences with 243 columns, 243 distinct patterns
230 parsimony-informative, 7 singleton sites, 6 constant sites
                Gap/Ambiguity  Composition  p-value
   1  XP_002165192.1    0.00%    passed     65.54%
   2  XP_012554525.1    0.00%    passed     75.80%
   3  WP_168464815.1    0.00%    passed     97.13%
   4  WP_012158952.1    0.41%    passed     61.74%
   5  KO53618.1         0.00%    passed     54.40%
   6  NLD49068.1        0.00%    passed     98.83%
   7  WP_014903130.1    0.41%    passed     99.92%
   8  WP_092335232.1    0.41%    passed    100.00%
   9  WP_082204391.1    0.00%    passed     83.70%
  10  WP_015593572.1    0.00%    passed     69.53%
  11  WP_006521559.1    0.00%    passed     96.88%
  12  WP_147534323.1    0.00%    passed     87.12%
  13  WP_161821771.1    0.41%    passed     97.94%
  14  NIP25504.1        0.00%    passed     81.64%
  15  KPK71244.1        0.00%    passed     65.76%
  16  PCJ89242.1        0.00%    passed     93.42%
  17  MBL1276838.1      0.00%    passed     97.46%
  18  WP_176957708.1    0.00%    passed     37.25%
  19  WP_009850992.1    0.00%    passed     87.78%
  20  WP_051938203.1    0.00%    passed     99.97%
  21  PCI00270.1        0.82%    passed     99.54%
  22  WP_018954761.1    0.00%    passed     88.72%
  23  WP_077279593.1    0.00%    passed     89.96%
  24  WP_132972141.1    0.00%    passed     25.33%
  25  WP_082674128.1    0.00%    passed      6.59%
  26  WP_052132093.1    0.00%    passed     99.09%
  27  WP_078455143.1    0.00%    passed     99.09%
  28  KHF26218.1        0.00%    passed     99.09%
  29  WP_114279466.1    0.00%    passed     99.08%
  30  NNG14638.1        0.00%    passed     86.22%
  31  WP_126452980.1    0.00%    passed     97.58%
  32  MBL1261593.1      0.00%    passed     99.73%
  33  PCI15176.1        0.41%    passed     99.76%
  34  WP_078487248.1    0.00%    passed    100.00%
  35  HHM05891.1        0.00%    passed     95.48%
  36  WP_131904463.1    0.00%    passed     96.08%
  37  NLX97160.1        0.41%    passed     76.38%
  38  WP_092999095.1    0.00%    passed     68.78%
  39  MBD3620192.1      0.00%    passed     87.32%
  40  WP_018078770.1    0.00%    passed      8.82%
  41  KYF56957.1        1.23%    passed      8.57%
  42  WP_020732918.1    1.23%    passed     25.16%
  43  KYF63238.1        1.23%    passed     24.42%
  44  MBI5496139.1      0.00%    passed      8.86%
  45  MBK9266755.1      0.00%    passed     79.24%
  46  WP_205633698.1    1.23%    passed     53.63%
  47  MBE9528060.1      0.00%    passed     92.38%
  48  HGS25755.1        0.00%    passed     18.85%
  49  WP_087441483.1    0.00%    failed      0.24%
  50  WP_059042789.1    1.23%    passed     90.26%
  51  WP_083040617.1    1.23%    passed     81.00%
  52  WP_139693294.1    0.00%    passed     56.15%
  53  WP_129930282.1    0.00%    passed     69.61%
  54  WP_158329259.1    1.23%    passed     14.70%
  55  WP_113758354.1    1.23%    passed     12.15%
  56  MBA3017927.1      0.41%    passed     81.77%
  57  WP_173978950.1    0.00%    passed     77.26%
  58  OGC75891.1        0.00%    passed     80.13%
  59  EQB64191.1        0.00%    passed     93.12%
  60  MBI4082654.1      0.82%    failed      2.49%
  61  NWG14028.1        0.00%    passed     87.12%
  62  WP_012289730.1    0.00%    passed     53.95%
  63  WP_152944034.1    0.00%    passed      5.32%
  64  WP_121921044.1    0.00%    passed     19.95%
  65  WP_049972859.1    0.00%    passed     53.09%
  66  WP_058828740.1    0.00%    passed     65.10%
  67  WP_138655655.1    0.00%    passed     38.30%
  68  WP_011986176.1    0.82%    failed      2.73%
  69  WP_155119582.1    0.82%    failed      2.30%
  70  WP_165776170.1    0.82%    failed      0.97%
  71  WP_170063720.1    0.41%    failed      2.07%
  72  WP_154674956.1    0.41%    passed     10.71%
  73  WP_012064370.1    0.41%    passed     12.49%
  74  WP_048092425.1    0.41%    passed     62.46%
  75  MBI5043374.1     13.58%    passed     89.43%
  76  TET73805.1        0.00%    passed     96.47%
  77  TES82780.1        0.00%    passed     93.89%
  78  TET16867.1        0.00%    passed     79.57%
  79  MBI5188886.1      0.00%    passed     38.59%
  80  NYT00593.1        0.00%    passed     42.90%
  81  ODS35089.1        0.41%    passed     32.95%
  82  MBI5115972.1      0.00%    passed     83.63%
  83  NWG02654.1        0.00%    passed     86.98%
  84  MBI1992912.1      0.00%    passed     85.54%
  85  NVM36150.1        0.00%    passed     86.44%
  86  TKJ23043.1        0.00%    passed     73.58%
  87  TFH51510.1        0.00%    passed     42.77%
  88  WP_013720435.1    0.00%    passed     94.97%
  89  NPV61036.1        0.00%    passed     90.75%
  90  WP_048183374.1    0.82%    passed     16.93%
  91  WP_128693141.1    0.00%    passed     15.32%
  92  TKJ23044.1ars     0.41%    passed     10.00%
  93  HGE40261.1        4.12%    passed     20.22%
  94  NWF86504.1        3.29%    failed      0.28%
  95  QLJ52795.1        2.47%    failed      3.17%
  96  NYZ76305.1        2.88%    failed      1.50%
  97  KPL19268.1        2.47%    passed     50.29%
  98  TET78529.1        2.88%    passed     31.60%
  99  MBC8521420.1      9.47%    passed     61.03%
 100  PKL73567.1        2.88%    passed     13.37%
 101  WP_100909589.1    2.88%    passed     12.66%
 102  deth_1141006_Y    2.88%    passed     91.68%
 103  tpse_3964209_t   13.17%    passed     99.92%
 104  NHI91962.1        1.23%    failed      2.26%
 105  XP_003064178.1    1.23%    failed      0.72%
 106  micr_1472941_A   12.35%    passed     21.54%
 107  XP_001421846.1   23.46%    failed      0.01%
 108  HHT44541.1       22.63%    passed     94.83%
 109  WP_014406891.1    1.23%    passed     30.97%
 110  WP_012899441.1    0.82%    passed     78.58%
 111  GAD92999.1        0.00%    passed     94.05%
 112  afm_23851_Af     11.52%    passed     94.32%
 113  afm_29546_Af      0.41%    passed     96.67%
 114  afm_26826_Af      0.41%    passed     92.20%
 115  anid_3504083_A    0.41%    passed     75.84%
 116  XP_007826674.1    0.00%    passed     95.01%
 117  QLI70920.1        0.00%    passed     97.74%
 118  KAF5127095.1      1.65%    passed     93.85%
 119  OBS20292.1        0.00%    passed     80.84%
 120  RYO97316.1        0.00%    passed     75.87%
 121  EWZ28515.1        6.58%    passed     72.02%
 122  TDZ53839.1        0.00%    passed     92.95%
 123  gzea_3306747_F    0.00%    passed     82.58%
 124  cimm_746984_CI    0.41%    passed     82.33%
 125  afm_32651_Af      0.00%    passed     96.78%
 126  dhan_3082808_X    0.00%    passed     15.32%
 127  zcci_2544296_C    0.41%    passed     99.92%
 128  KAG2019895.1      0.41%    passed     99.92%
 129  TEB25967.1        0.41%    passed     93.31%
 130  RXW20523.1        0.41%    passed     83.38%
 131  KAF6763818.1      4.94%    passed     79.26%
 132  lbic_2130143_g   11.52%    passed     89.55%
 133  KIJ91556.1        0.82%    passed     86.10%
 134  KAF8157807.1      0.00%    passed     22.36%
 135  TFK33855.1        0.00%    passed     31.01%
 136  WP_013565436.1    0.00%    passed     65.07%
 137  WP_002650502.1    0.00%    passed     54.61%
 138  WP_105337435.1    0.00%    passed     88.12%
 139  WP_171189606.1    0.00%    passed     72.02%
 140  WP_145369354.1    0.00%    passed     99.56%
 141  WP_013629311.1    0.00%    passed     99.43%
 142  MBK8810549.1      0.00%    passed     91.74%
 143  MBA3256323.1      0.41%    passed     85.82%
 144  HCX29462.1        0.41%    passed     76.41%
 145  HAF14778.1        0.41%    passed     76.41%
 146  MBK8314111.1      0.00%    passed     96.68%
 147  WP_076350471.1    0.00%    passed     66.12%
 148  WP_145277802.1    0.00%    passed     16.10%
 149  WP_126727018.1    0.00%    passed     55.71%
 150  WP_152052530.1    0.00%    passed     88.16%
 151  WP_074304809.1    0.00%    passed     93.03%
 152  WP_146447922.1    0.82%    passed     95.76%
 153  QQS45580.1        0.00%    passed     99.49%
 154  WP_029600761.1    0.00%    passed     95.15%
 155  WP_165233364.1    0.00%    passed     85.01%
 156  WP_148598371.1    0.00%    passed     76.69%
 157  MBK9215749.1      0.00%    passed     96.69%
 158  HGT41099.1        0.00%    passed     64.88%
 159  WP_165252253.1    0.00%    passed     31.67%
 160  MBI4404202.1      0.00%    passed     81.63%
 161  WP_183977678.1    0.00%    passed     76.49%
 162  WP_186741044.1    0.00%    passed     98.76%
 163  WP_183789369.1    0.00%    passed     71.03%
 164  WP_162539052.1    0.00%    passed     83.87%
 165  WP_162402672.1    0.00%    passed     85.46%
 166  WP_158908989.1    0.00%    passed     94.43%
 167  WP_074656228.1    0.00%    passed     87.20%
 168  NUQ28341.1        0.00%    passed     97.68%
 169  WP_184220988.1    0.00%    passed     78.87%
 170  WP_131994437.1    0.00%    passed     35.04%
 171  WP_186694369.1    0.00%    passed     42.87%
 172  WP_162669649.1    0.41%    passed     60.81%
 173  WP_184678013.1    0.41%    passed     90.16%
 174  HIB64306.1        0.82%    passed     96.39%
 175  WP_164101977.1    0.00%    passed     97.68%
 176  MBA3713927.1      0.00%    passed     88.57%
 177  MSR54569.1        0.41%    passed     63.08%
 178  MBC7782626.1      0.00%    passed     40.31%
 179  HHK74172.1        0.00%    passed     91.39%
 180  HFQ15255.1        0.00%    passed     80.61%
 181  WP_088711803.1    0.00%    passed      8.17%
 182  WP_075055114.1    4.12%    passed     96.49%
 183  WP_148699201.1    4.12%    passed     97.60%
 184  XP_018276890.1    0.00%    failed      3.64%
 185  XP_028474224.1    0.00%    passed     40.69%
 186  TXT13265.1        0.41%    passed     67.30%
 187  OZJ05472.1        0.00%    passed     99.61%
 188  KIM29307.1        0.00%    passed     81.42%
 189  KIM20535.1        0.00%    passed     84.52%
 190  WP_011159102.1    0.00%    passed     82.23%
 191  WP_011461623.1    0.41%    passed     98.25%
 192  BAF58621.1pre     0.41%    passed     10.81%
 193  BAO65696.1        4.53%    failed      1.20%
 194  WP_012120819.1    0.82%    passed      6.57%
 195  HEJ77228.1       24.28%    failed      0.17%
 196  MBR09768.1       10.29%    passed     17.48%
 197  MBI2968279.1      1.65%    passed     10.72%
 198  WP_162428997.1    1.65%    passed     42.47%
 199  WP_161888171.1    1.65%    passed     67.46%
 200  WP_089320228.1    1.65%    passed     52.79%
 201  WP_106543656.1    2.06%    passed     26.83%
 202  WP_027470721.1    1.65%    failed      0.56%
 203  WP_119440273.1    2.06%    passed     20.47%
 204  MBL0068359.1      1.65%    passed     70.27%
 205  NJD23459.1        0.00%    failed      1.96%
 206  NCS82783.1        0.00%    passed     10.93%
 207  KAA0247893.1      0.00%    failed      0.38%
 208  MBI5660800.1      0.82%    passed     64.98%
 209  WP_011483559.1    1.23%    passed     14.81%
 210  OGI50687.1        1.23%    passed     18.55%
 211  WP_114972448.1    1.23%    passed     58.48%
 212  MBK5187575.1      1.23%    passed     17.18%
 213  HGW42276.1        1.23%    passed     97.65%
 214  WP_071101547.1    1.23%    passed     99.46%
 215  HEJ34517.1       22.22%    failed      0.02%
 216  MBI1903475.1     22.22%    passed     82.44%
 217  NOZ69799.1       22.22%    passed     88.48%
 218  XP_009035805.1   15.23%    passed     64.90%
 219  ota_1495857_1    11.52%    failed      1.55%
 220  NO17441.1        15.64%    passed     43.48%
 221  WP_092436108.1   15.64%    passed     40.48%
 222  PKL35195.1       14.40%    passed     61.82%
 223  MAD72826.1        2.47%    passed     17.84%
 224  MBU89002.1        2.47%    passed     13.16%
 225  MBF26215.1        2.06%    passed      7.70%
 226  OE19912.1        13.99%    passed     19.96%
 227  GAX20488.1        2.06%    failed      0.00%
 228  GAX13517.1        7.82%    failed      0.01%
 229  XP_005782918.1    3.70%    failed      1.11%
 230  XP_005761177.1    3.70%    failed      1.41%
 231  KOO24749.1        2.47%    failed      3.33%
 232  VEU39038.1        0.82%    passed     25.74%
 233  EJK65823.1        2.06%    passed     92.62%
 234  XP_002290647.1    2.06%    passed     69.90%
 235  ELP31579peps      4.94%    passed     68.82%
 236  WP_015194790.1    4.94%    passed      7.71%
 237  AFY76166pepc      4.94%    failed      0.52%
 238  EKD05835pepc      4.94%    passed      8.73%
 239  WP_017295363.1    5.35%    failed      0.35%
 240  ABX08345peps      8.64%    passed      8.05%
 241  syne_323061_NP    4.94%    failed      0.01%
****  TOTAL             2.01%  28 sequences failed composition chi2 test (p-value<5%; df=19)
NOTE: WP_078455143.1 is identical to WP_052132093.1 but kept for subsequent analysis
NOTE: KAG2019895.1 is identical to zcci_2544296_C but kept for subsequent analysis
NOTE: HAF14778.1 is identical to HCX29462.1 but kept for subsequent analysis
NOTE: 1 identical sequences (see below) will be ignored for subsequent analysis
NOTE: KHF26218.1 (identical to WP_052132093.1) is ignored but added at the end

For your convenience alignment with unique sequences printed to ArsM_G2_MAFFT_80trim.fasta.uniqueseq.phy

Create initial parsimony tree by phylogenetic likelihood library (PLL)... 0.099 seconds

NOTE: 39 MB RAM (0 GB) is required!
Estimate model parameters (epsilon = 0.010)
Thoroughly optimizing +I+G parameters from 10 start values...
Init pinv, alpha: 0.000, 1.000 / Estimate: 0.023, 0.946 / LogL: -52008.205
Init pinv, alpha: 0.003, 1.000 / Estimate: 0.023, 0.946 / LogL: -52008.204
Init pinv, alpha: 0.005, 1.000 / Estimate: 0.024, 0.947 / LogL: -52008.205
Init pinv, alpha: 0.008, 1.000 / Estimate: 0.023, 0.946 / LogL: -52008.205
Init pinv, alpha: 0.011, 1.000 / Estimate: 0.024, 0.947 / LogL: -52008.205
Init pinv, alpha: 0.014, 1.000 / Estimate: 0.023, 0.946 / LogL: -52008.205
Init pinv, alpha: 0.016, 1.000 / Estimate: 0.023, 0.946 / LogL: -52008.205
Init pinv, alpha: 0.019, 1.000 / Estimate: 0.023, 0.946 / LogL: -52008.205
Init pinv, alpha: 0.022, 1.000 / Estimate: 0.023, 0.946 / LogL: -52008.205
Init pinv, alpha: 0.025, 1.000 / Estimate: 0.023, 0.946 / LogL: -52008.205
Optimal pinv,alpha: 0.023, 0.946 / LogL: -52008.204

Parameters optimization took 30.134 sec
BEST SCORE FOUND : -52008.204
Total tree length: 64.756

Total number of iterations: 0
CPU time used for tree search: 0.000 sec (0h:0m:0s)
Wall-clock time used for tree search: 0.000 sec (0h:0m:0s)
Total CPU time used: 29.990 sec (0h:0m:29s)
Total wall-clock time used: 30.280 sec (0h:0m:30s)

Reading trees in ArsM_G2.treefile.treels ...
5 trees detected
Note: 9.806 MB of RAM required!
Creating 10000 bootstrap replicates...
done
Tree 1 / LogL: -52196.957
Tree 2 / LogL: -51873.539
Tree 3 / LogL: -52600.398
Tree 4 / LogL: -51872.731
Tree 5 / LogL: -51722.094
Performing RELL-BP test...
Performing KH and SH test...
Performing ELW test...
Performing approximately unbiased (AU) test...
3 MB required for AU test
Generating 10 x 10000 multiscale bootstrap replicates... 0.545 seconds
TreeID	AU	RSS	d	c
1	0.000	0.107	6.315	-0.883
2	0.000	4.642	3.756	0.081
3	0.000	0.000	11.309	-3.283
4	0.000	2.139	4.588	-0.172
5	1.000	1.007	-4.261	-0.024
Time for evaluating all trees: 2.506 sec.

Analysis results written to: 
  IQ-TREE report:                ArsM_G2_MAFFT_80trim.fasta.iqtree
  Maximum-likelihood tree:       ArsM_G2_MAFFT_80trim.fasta.treefile
  Evaluated user trees:          ArsM_G2_MAFFT_80trim.fasta.trees
  Screen log file:               ArsM_G2_MAFFT_80trim.fasta.log

Date and Time: Mon Apr 26 11:39:20 2021
